<?xml version="1.0" encoding="UTF-8"?>
<testsuite xmlns:xsi="http://www.w3.org/2001/XMLSchema-instance" xsi:noNamespaceSchemaLocation="https://maven.apache.org/surefire/maven-surefire-plugin/xsd/surefire-test-report-3.0.xsd" version="3.0" name="com.example.backendproduccion.BackendproduccionApplicationTests" time="19.4" tests="1" errors="0" skipped="0" failures="0">
  <properties>
[...]
</properties>
  <testcase name="contextLoads" classname="com.example.backendproduccion.BackendproduccionApplicationTests" time="1.111">
    <system-out><![CDATA[17:27:08.283 [main] INFO org.springframework.test.context.support.AnnotationConfigContextLoaderUtils -- Could not detect default configuration classes for test class [com.example.backendproduccion.BackendproduccionApplicationTests]: BackendproduccionApplicationTests does not declare any static, non-private, non-final, nested classes annotated with @Configuration.
17:27:08.509 [main] INFO org.springframework.boot.test.context.SpringBootTestContextBootstrapper -- Found @SpringBootConfiguration com.example.backendproduccion.BackendproduccionApplication for test class com.example.backendproduccion.BackendproduccionApplicationTests

  .   ____          _            __ _ _
 /\\ / ___'_ __ _ _(_)_ __  __ _ \ \ \ \
( ( )\___ | '_ | '_| | '_ \/ _` | \ \ \ \
 \\/  ___)| |_)| | | | | || (_| |  ) ) ) )
  '  |____| .__|_| |_|_| |_\__, | / / / /
 =========|_|==============|___/=/_/_/_/

 :: Spring Boot ::                (v3.3.5)

2024-11-11T17:27:09.373-05:00  INFO 12900 --- [           main] c.e.b.BackendproduccionApplicationTests  : Starting BackendproduccionApplicationTests using Java 21.0.2 with PID 12900 (started by r 3 in C:\Users\r 3\Desktop\backendproduccion)
2024-11-11T17:27:09.375-05:00  INFO 12900 --- [           main] c.e.b.BackendproduccionApplicationTests  : No active profile set, falling back to 1 default profile: "default"
2024-11-11T17:27:11.090-05:00  INFO 12900 --- [           main] .s.d.r.c.RepositoryConfigurationDelegate : Bootstrapping Spring Data JPA repositories in DEFAULT mode.
2024-11-11T17:27:11.230-05:00  INFO 12900 --- [           main] .s.d.r.c.RepositoryConfigurationDelegate : Finished Spring Data repository scanning in 122 ms. Found 3 JPA repository interfaces.
2024-11-11T17:27:12.458-05:00  INFO 12900 --- [           main] o.hibernate.jpa.internal.util.LogHelper  : HHH000204: Processing PersistenceUnitInfo [name: default]
2024-11-11T17:27:12.616-05:00  INFO 12900 --- [           main] org.hibernate.Version                    : HHH000412: Hibernate ORM core version 6.5.3.Final
2024-11-11T17:27:12.699-05:00  INFO 12900 --- [           main] o.h.c.internal.RegionFactoryInitiator    : HHH000026: Second-level cache disabled
2024-11-11T17:27:14.010-05:00  INFO 12900 --- [           main] o.s.o.j.p.SpringPersistenceUnitInfo      : No LoadTimeWeaver setup: ignoring JPA class transformer
2024-11-11T17:27:14.083-05:00  INFO 12900 --- [           main] com.zaxxer.hikari.HikariDataSource       : Poolbydata - Starting...
2024-11-11T17:27:15.049-05:00  INFO 12900 --- [           main] com.zaxxer.hikari.pool.HikariPool        : Poolbydata - Added connection org.postgresql.jdbc.PgConnection@6c27e700
2024-11-11T17:27:15.053-05:00  INFO 12900 --- [           main] com.zaxxer.hikari.HikariDataSource       : Poolbydata - Start completed.
2024-11-11T17:27:17.746-05:00  INFO 12900 --- [           main] o.h.e.t.j.p.i.JtaPlatformInitiator       : HHH000489: No JTA platform available (set 'hibernate.transaction.jta.platform' to enable JTA platform integration)
2024-11-11T17:27:17.929-05:00  INFO 12900 --- [           main] j.LocalContainerEntityManagerFactoryBean : Initialized JPA EntityManagerFactory for persistence unit 'default'
2024-11-11T17:27:19.374-05:00  INFO 12900 --- [           main] o.s.d.j.r.query.QueryEnhancerFactory     : Hibernate is in classpath; If applicable, HQL parser will be used.
Hibernate: 
    select
        p1_0.id_pregunta,
        p1_0.categoria,
        p1_0.dificultad,
        p1_0.estado,
        p1_0.op1,
        p1_0.op2,
        p1_0.op3,
        p1_0.op4,
        p1_0.pregunta,
        p1_0.respuesta 
    from
        pregunta p1_0 
    where
        p1_0.pregunta=?
Hibernate: 
    select
        p1_0.id_pregunta,
        p1_0.categoria,
        p1_0.dificultad,
        p1_0.estado,
        p1_0.op1,
        p1_0.op2,
        p1_0.op3,
        p1_0.op4,
        p1_0.pregunta,
        p1_0.respuesta,
        h1_0.id_pregunta,
        h1_0.id,
        h1_0.ayudas,
        h1_0.fecha,
        h1_0.puntaje,
        h1_0.tiempo,
        h1_0.id_usuario 
    from
        pregunta p1_0 
    left join
        historial h1_0 
            on p1_0.id_pregunta=h1_0.id_pregunta 
    where
        p1_0.id_pregunta=?
Hibernate: 
    select
        p1_0.id_pregunta,
        p1_0.categoria,
        p1_0.dificultad,
        p1_0.estado,
        p1_0.op1,
        p1_0.op2,
        p1_0.op3,
        p1_0.op4,
        p1_0.pregunta,
        p1_0.respuesta 
    from
        pregunta p1_0 
    where
        p1_0.pregunta=?
Hibernate: 
    select
        p1_0.id_pregunta,
        p1_0.categoria,
        p1_0.dificultad,
        p1_0.estado,
        p1_0.op1,
        p1_0.op2,
        p1_0.op3,
        p1_0.op4,
        p1_0.pregunta,
        p1_0.respuesta,
        h1_0.id_pregunta,
        h1_0.id,
        h1_0.ayudas,
        h1_0.fecha,
        h1_0.puntaje,
        h1_0.tiempo,
        h1_0.id_usuario 
    from
        pregunta p1_0 
    left join
        historial h1_0 
            on p1_0.id_pregunta=h1_0.id_pregunta 
    where
        p1_0.id_pregunta=?
Hibernate: 
    select
        p1_0.id_pregunta,
        p1_0.categoria,
        p1_0.dificultad,
        p1_0.estado,
        p1_0.op1,
        p1_0.op2,
        p1_0.op3,
        p1_0.op4,
        p1_0.pregunta,
        p1_0.respuesta 
    from
        pregunta p1_0 
    where
        p1_0.pregunta=?
Hibernate: 
    select
        p1_0.id_pregunta,
        p1_0.categoria,
        p1_0.dificultad,
        p1_0.estado,
        p1_0.op1,
        p1_0.op2,
        p1_0.op3,
        p1_0.op4,
        p1_0.pregunta,
        p1_0.respuesta,
        h1_0.id_pregunta,
        h1_0.id,
        h1_0.ayudas,
        h1_0.fecha,
        h1_0.puntaje,
        h1_0.tiempo,
        h1_0.id_usuario 
    from
        pregunta p1_0 
    left join
        historial h1_0 
            on p1_0.id_pregunta=h1_0.id_pregunta 
    where
        p1_0.id_pregunta=?
Hibernate: 
    select
        p1_0.id_pregunta,
        p1_0.categoria,
        p1_0.dificultad,
        p1_0.estado,
        p1_0.op1,
        p1_0.op2,
        p1_0.op3,
        p1_0.op4,
        p1_0.pregunta,
        p1_0.respuesta 
    from
        pregunta p1_0 
    where
        p1_0.pregunta=?
Hibernate: 
    select
        p1_0.id_pregunta,
        p1_0.categoria,
        p1_0.dificultad,
        p1_0.estado,
        p1_0.op1,
        p1_0.op2,
        p1_0.op3,
        p1_0.op4,
        p1_0.pregunta,
        p1_0.respuesta,
        h1_0.id_pregunta,
        h1_0.id,
        h1_0.ayudas,
        h1_0.fecha,
        h1_0.puntaje,
        h1_0.tiempo,
        h1_0.id_usuario 
    from
        pregunta p1_0 
    left join
        historial h1_0 
            on p1_0.id_pregunta=h1_0.id_pregunta 
    where
        p1_0.id_pregunta=?
Hibernate: 
    select
        p1_0.id_pregunta,
        p1_0.categoria,
        p1_0.dificultad,
        p1_0.estado,
        p1_0.op1,
        p1_0.op2,
        p1_0.op3,
        p1_0.op4,
        p1_0.pregunta,
        p1_0.respuesta 
    from
        pregunta p1_0 
    where
        p1_0.pregunta=?
Hibernate: 
    select
        p1_0.id_pregunta,
        p1_0.categoria,
        p1_0.dificultad,
        p1_0.estado,
        p1_0.op1,
        p1_0.op2,
        p1_0.op3,
        p1_0.op4,
        p1_0.pregunta,
        p1_0.respuesta,
        h1_0.id_pregunta,
        h1_0.id,
        h1_0.ayudas,
        h1_0.fecha,
        h1_0.puntaje,
        h1_0.tiempo,
        h1_0.id_usuario 
    from
        pregunta p1_0 
    left join
        historial h1_0 
            on p1_0.id_pregunta=h1_0.id_pregunta 
    where
        p1_0.id_pregunta=?
Hibernate: 
    select
        p1_0.id_pregunta,
        p1_0.categoria,
        p1_0.dificultad,
        p1_0.estado,
        p1_0.op1,
        p1_0.op2,
        p1_0.op3,
        p1_0.op4,
        p1_0.pregunta,
        p1_0.respuesta 
    from
        pregunta p1_0 
    where
        p1_0.pregunta=?
Hibernate: 
    select
        p1_0.id_pregunta,
        p1_0.categoria,
        p1_0.dificultad,
        p1_0.estado,
        p1_0.op1,
        p1_0.op2,
        p1_0.op3,
        p1_0.op4,
        p1_0.pregunta,
        p1_0.respuesta,
        h1_0.id_pregunta,
        h1_0.id,
        h1_0.ayudas,
        h1_0.fecha,
        h1_0.puntaje,
        h1_0.tiempo,
        h1_0.id_usuario 
    from
        pregunta p1_0 
    left join
        historial h1_0 
            on p1_0.id_pregunta=h1_0.id_pregunta 
    where
        p1_0.id_pregunta=?
Hibernate: 
    select
        p1_0.id_pregunta,
        p1_0.categoria,
        p1_0.dificultad,
        p1_0.estado,
        p1_0.op1,
        p1_0.op2,
        p1_0.op3,
        p1_0.op4,
        p1_0.pregunta,
        p1_0.respuesta 
    from
        pregunta p1_0 
    where
        p1_0.pregunta=?
Hibernate: 
    select
        p1_0.id_pregunta,
        p1_0.categoria,
        p1_0.dificultad,
        p1_0.estado,
        p1_0.op1,
        p1_0.op2,
        p1_0.op3,
        p1_0.op4,
        p1_0.pregunta,
        p1_0.respuesta,
        h1_0.id_pregunta,
        h1_0.id,
        h1_0.ayudas,
        h1_0.fecha,
        h1_0.puntaje,
        h1_0.tiempo,
        h1_0.id_usuario 
    from
        pregunta p1_0 
    left join
        historial h1_0 
            on p1_0.id_pregunta=h1_0.id_pregunta 
    where
        p1_0.id_pregunta=?
Hibernate: 
    select
        p1_0.id_pregunta,
        p1_0.categoria,
        p1_0.dificultad,
        p1_0.estado,
        p1_0.op1,
        p1_0.op2,
        p1_0.op3,
        p1_0.op4,
        p1_0.pregunta,
        p1_0.respuesta 
    from
        pregunta p1_0 
    where
        p1_0.pregunta=?
Hibernate: 
    select
        p1_0.id_pregunta,
        p1_0.categoria,
        p1_0.dificultad,
        p1_0.estado,
        p1_0.op1,
        p1_0.op2,
        p1_0.op3,
        p1_0.op4,
        p1_0.pregunta,
        p1_0.respuesta,
        h1_0.id_pregunta,
        h1_0.id,
        h1_0.ayudas,
        h1_0.fecha,
        h1_0.puntaje,
        h1_0.tiempo,
        h1_0.id_usuario 
    from
        pregunta p1_0 
    left join
        historial h1_0 
            on p1_0.id_pregunta=h1_0.id_pregunta 
    where
        p1_0.id_pregunta=?
Hibernate: 
    select
        p1_0.id_pregunta,
        p1_0.categoria,
        p1_0.dificultad,
        p1_0.estado,
        p1_0.op1,
        p1_0.op2,
        p1_0.op3,
        p1_0.op4,
        p1_0.pregunta,
        p1_0.respuesta 
    from
        pregunta p1_0 
    where
        p1_0.pregunta=?
Hibernate: 
    select
        p1_0.id_pregunta,
        p1_0.categoria,
        p1_0.dificultad,
        p1_0.estado,
        p1_0.op1,
        p1_0.op2,
        p1_0.op3,
        p1_0.op4,
        p1_0.pregunta,
        p1_0.respuesta,
        h1_0.id_pregunta,
        h1_0.id,
        h1_0.ayudas,
        h1_0.fecha,
        h1_0.puntaje,
        h1_0.tiempo,
        h1_0.id_usuario 
    from
        pregunta p1_0 
    left join
        historial h1_0 
            on p1_0.id_pregunta=h1_0.id_pregunta 
    where
        p1_0.id_pregunta=?
Hibernate: 
    select
        p1_0.id_pregunta,
        p1_0.categoria,
        p1_0.dificultad,
        p1_0.estado,
        p1_0.op1,
        p1_0.op2,
        p1_0.op3,
        p1_0.op4,
        p1_0.pregunta,
        p1_0.respuesta 
    from
        pregunta p1_0 
    where
        p1_0.pregunta=?
Hibernate: 
    select
        p1_0.id_pregunta,
        p1_0.categoria,
        p1_0.dificultad,
        p1_0.estado,
        p1_0.op1,
        p1_0.op2,
        p1_0.op3,
        p1_0.op4,
        p1_0.pregunta,
        p1_0.respuesta,
        h1_0.id_pregunta,
        h1_0.id,
        h1_0.ayudas,
        h1_0.fecha,
        h1_0.puntaje,
        h1_0.tiempo,
        h1_0.id_usuario 
    from
        pregunta p1_0 
    left join
        historial h1_0 
            on p1_0.id_pregunta=h1_0.id_pregunta 
    where
        p1_0.id_pregunta=?
Hibernate: 
    select
        p1_0.id_pregunta,
        p1_0.categoria,
        p1_0.dificultad,
        p1_0.estado,
        p1_0.op1,
        p1_0.op2,
        p1_0.op3,
        p1_0.op4,
        p1_0.pregunta,
        p1_0.respuesta 
    from
        pregunta p1_0 
    where
        p1_0.pregunta=?
Hibernate: 
    select
        p1_0.id_pregunta,
        p1_0.categoria,
        p1_0.dificultad,
        p1_0.estado,
        p1_0.op1,
        p1_0.op2,
        p1_0.op3,
        p1_0.op4,
        p1_0.pregunta,
        p1_0.respuesta,
        h1_0.id_pregunta,
        h1_0.id,
        h1_0.ayudas,
        h1_0.fecha,
        h1_0.puntaje,
        h1_0.tiempo,
        h1_0.id_usuario 
    from
        pregunta p1_0 
    left join
        historial h1_0 
            on p1_0.id_pregunta=h1_0.id_pregunta 
    where
        p1_0.id_pregunta=?
Hibernate: 
    select
        p1_0.id_pregunta,
        p1_0.categoria,
        p1_0.dificultad,
        p1_0.estado,
        p1_0.op1,
        p1_0.op2,
        p1_0.op3,
        p1_0.op4,
        p1_0.pregunta,
        p1_0.respuesta 
    from
        pregunta p1_0 
    where
        p1_0.pregunta=?
Hibernate: 
    select
        p1_0.id_pregunta,
        p1_0.categoria,
        p1_0.dificultad,
        p1_0.estado,
        p1_0.op1,
        p1_0.op2,
        p1_0.op3,
        p1_0.op4,
        p1_0.pregunta,
        p1_0.respuesta,
        h1_0.id_pregunta,
        h1_0.id,
        h1_0.ayudas,
        h1_0.fecha,
        h1_0.puntaje,
        h1_0.tiempo,
        h1_0.id_usuario 
    from
        pregunta p1_0 
    left join
        historial h1_0 
            on p1_0.id_pregunta=h1_0.id_pregunta 
    where
        p1_0.id_pregunta=?
Hibernate: 
    select
        p1_0.id_pregunta,
        p1_0.categoria,
        p1_0.dificultad,
        p1_0.estado,
        p1_0.op1,
        p1_0.op2,
        p1_0.op3,
        p1_0.op4,
        p1_0.pregunta,
        p1_0.respuesta 
    from
        pregunta p1_0 
    where
        p1_0.pregunta=?
Hibernate: 
    select
        p1_0.id_pregunta,
        p1_0.categoria,
        p1_0.dificultad,
        p1_0.estado,
        p1_0.op1,
        p1_0.op2,
        p1_0.op3,
        p1_0.op4,
        p1_0.pregunta,
        p1_0.respuesta,
        h1_0.id_pregunta,
        h1_0.id,
        h1_0.ayudas,
        h1_0.fecha,
        h1_0.puntaje,
        h1_0.tiempo,
        h1_0.id_usuario 
    from
        pregunta p1_0 
    left join
        historial h1_0 
            on p1_0.id_pregunta=h1_0.id_pregunta 
    where
        p1_0.id_pregunta=?
Hibernate: 
    select
        p1_0.id_pregunta,
        p1_0.categoria,
        p1_0.dificultad,
        p1_0.estado,
        p1_0.op1,
        p1_0.op2,
        p1_0.op3,
        p1_0.op4,
        p1_0.pregunta,
        p1_0.respuesta 
    from
        pregunta p1_0 
    where
        p1_0.pregunta=?
Hibernate: 
    select
        p1_0.id_pregunta,
        p1_0.categoria,
        p1_0.dificultad,
        p1_0.estado,
        p1_0.op1,
        p1_0.op2,
        p1_0.op3,
        p1_0.op4,
        p1_0.pregunta,
        p1_0.respuesta,
        h1_0.id_pregunta,
        h1_0.id,
        h1_0.ayudas,
        h1_0.fecha,
        h1_0.puntaje,
        h1_0.tiempo,
        h1_0.id_usuario 
    from
        pregunta p1_0 
    left join
        historial h1_0 
            on p1_0.id_pregunta=h1_0.id_pregunta 
    where
        p1_0.id_pregunta=?
Hibernate: 
    select
        p1_0.id_pregunta,
        p1_0.categoria,
        p1_0.dificultad,
        p1_0.estado,
        p1_0.op1,
        p1_0.op2,
        p1_0.op3,
        p1_0.op4,
        p1_0.pregunta,
        p1_0.respuesta 
    from
        pregunta p1_0 
    where
        p1_0.pregunta=?
Hibernate: 
    select
        p1_0.id_pregunta,
        p1_0.categoria,
        p1_0.dificultad,
        p1_0.estado,
        p1_0.op1,
        p1_0.op2,
        p1_0.op3,
        p1_0.op4,
        p1_0.pregunta,
        p1_0.respuesta,
        h1_0.id_pregunta,
        h1_0.id,
        h1_0.ayudas,
        h1_0.fecha,
        h1_0.puntaje,
        h1_0.tiempo,
        h1_0.id_usuario 
    from
        pregunta p1_0 
    left join
        historial h1_0 
            on p1_0.id_pregunta=h1_0.id_pregunta 
    where
        p1_0.id_pregunta=?
Hibernate: 
    select
        p1_0.id_pregunta,
        p1_0.categoria,
        p1_0.dificultad,
        p1_0.estado,
        p1_0.op1,
        p1_0.op2,
        p1_0.op3,
        p1_0.op4,
        p1_0.pregunta,
        p1_0.respuesta 
    from
        pregunta p1_0 
    where
        p1_0.pregunta=?
Hibernate: 
    select
        p1_0.id_pregunta,
        p1_0.categoria,
        p1_0.dificultad,
        p1_0.estado,
        p1_0.op1,
        p1_0.op2,
        p1_0.op3,
        p1_0.op4,
        p1_0.pregunta,
        p1_0.respuesta,
        h1_0.id_pregunta,
        h1_0.id,
        h1_0.ayudas,
        h1_0.fecha,
        h1_0.puntaje,
        h1_0.tiempo,
        h1_0.id_usuario 
    from
        pregunta p1_0 
    left join
        historial h1_0 
            on p1_0.id_pregunta=h1_0.id_pregunta 
    where
        p1_0.id_pregunta=?
Hibernate: 
    select
        p1_0.id_pregunta,
        p1_0.categoria,
        p1_0.dificultad,
        p1_0.estado,
        p1_0.op1,
        p1_0.op2,
        p1_0.op3,
        p1_0.op4,
        p1_0.pregunta,
        p1_0.respuesta 
    from
        pregunta p1_0 
    where
        p1_0.pregunta=?
Hibernate: 
    select
        p1_0.id_pregunta,
        p1_0.categoria,
        p1_0.dificultad,
        p1_0.estado,
        p1_0.op1,
        p1_0.op2,
        p1_0.op3,
        p1_0.op4,
        p1_0.pregunta,
        p1_0.respuesta,
        h1_0.id_pregunta,
        h1_0.id,
        h1_0.ayudas,
        h1_0.fecha,
        h1_0.puntaje,
        h1_0.tiempo,
        h1_0.id_usuario 
    from
        pregunta p1_0 
    left join
        historial h1_0 
            on p1_0.id_pregunta=h1_0.id_pregunta 
    where
        p1_0.id_pregunta=?
Hibernate: 
    select
        p1_0.id_pregunta,
        p1_0.categoria,
        p1_0.dificultad,
        p1_0.estado,
        p1_0.op1,
        p1_0.op2,
        p1_0.op3,
        p1_0.op4,
        p1_0.pregunta,
        p1_0.respuesta 
    from
        pregunta p1_0 
    where
        p1_0.pregunta=?
Hibernate: 
    select
        p1_0.id_pregunta,
        p1_0.categoria,
        p1_0.dificultad,
        p1_0.estado,
        p1_0.op1,
        p1_0.op2,
        p1_0.op3,
        p1_0.op4,
        p1_0.pregunta,
        p1_0.respuesta,
        h1_0.id_pregunta,
        h1_0.id,
        h1_0.ayudas,
        h1_0.fecha,
        h1_0.puntaje,
        h1_0.tiempo,
        h1_0.id_usuario 
    from
        pregunta p1_0 
    left join
        historial h1_0 
            on p1_0.id_pregunta=h1_0.id_pregunta 
    where
        p1_0.id_pregunta=?
Hibernate: 
    select
        p1_0.id_pregunta,
        p1_0.categoria,
        p1_0.dificultad,
        p1_0.estado,
        p1_0.op1,
        p1_0.op2,
        p1_0.op3,
        p1_0.op4,
        p1_0.pregunta,
        p1_0.respuesta 
    from
        pregunta p1_0 
    where
        p1_0.pregunta=?
Hibernate: 
    select
        p1_0.id_pregunta,
        p1_0.categoria,
        p1_0.dificultad,
        p1_0.estado,
        p1_0.op1,
        p1_0.op2,
        p1_0.op3,
        p1_0.op4,
        p1_0.pregunta,
        p1_0.respuesta,
        h1_0.id_pregunta,
        h1_0.id,
        h1_0.ayudas,
        h1_0.fecha,
        h1_0.puntaje,
        h1_0.tiempo,
        h1_0.id_usuario 
    from
        pregunta p1_0 
    left join
        historial h1_0 
            on p1_0.id_pregunta=h1_0.id_pregunta 
    where
        p1_0.id_pregunta=?
Hibernate: 
    select
        p1_0.id_pregunta,
        p1_0.categoria,
        p1_0.dificultad,
        p1_0.estado,
        p1_0.op1,
        p1_0.op2,
        p1_0.op3,
        p1_0.op4,
        p1_0.pregunta,
        p1_0.respuesta 
    from
        pregunta p1_0 
    where
        p1_0.pregunta=?
Hibernate: 
    select
        p1_0.id_pregunta,
        p1_0.categoria,
        p1_0.dificultad,
        p1_0.estado,
        p1_0.op1,
        p1_0.op2,
        p1_0.op3,
        p1_0.op4,
        p1_0.pregunta,
        p1_0.respuesta,
        h1_0.id_pregunta,
        h1_0.id,
        h1_0.ayudas,
        h1_0.fecha,
        h1_0.puntaje,
        h1_0.tiempo,
        h1_0.id_usuario 
    from
        pregunta p1_0 
    left join
        historial h1_0 
            on p1_0.id_pregunta=h1_0.id_pregunta 
    where
        p1_0.id_pregunta=?
Hibernate: 
    select
        p1_0.id_pregunta,
        p1_0.categoria,
        p1_0.dificultad,
        p1_0.estado,
        p1_0.op1,
        p1_0.op2,
        p1_0.op3,
        p1_0.op4,
        p1_0.pregunta,
        p1_0.respuesta 
    from
        pregunta p1_0 
    where
        p1_0.pregunta=?
Hibernate: 
    select
        p1_0.id_pregunta,
        p1_0.categoria,
        p1_0.dificultad,
        p1_0.estado,
        p1_0.op1,
        p1_0.op2,
        p1_0.op3,
        p1_0.op4,
        p1_0.pregunta,
        p1_0.respuesta,
        h1_0.id_pregunta,
        h1_0.id,
        h1_0.ayudas,
        h1_0.fecha,
        h1_0.puntaje,
        h1_0.tiempo,
        h1_0.id_usuario 
    from
        pregunta p1_0 
    left join
        historial h1_0 
            on p1_0.id_pregunta=h1_0.id_pregunta 
    where
        p1_0.id_pregunta=?
Hibernate: 
    select
        p1_0.id_pregunta,
        p1_0.categoria,
        p1_0.dificultad,
        p1_0.estado,
        p1_0.op1,
        p1_0.op2,
        p1_0.op3,
        p1_0.op4,
        p1_0.pregunta,
        p1_0.respuesta 
    from
        pregunta p1_0 
    where
        p1_0.pregunta=?
Hibernate: 
    select
        p1_0.id_pregunta,
        p1_0.categoria,
        p1_0.dificultad,
        p1_0.estado,
        p1_0.op1,
        p1_0.op2,
        p1_0.op3,
        p1_0.op4,
        p1_0.pregunta,
        p1_0.respuesta,
        h1_0.id_pregunta,
        h1_0.id,
        h1_0.ayudas,
        h1_0.fecha,
        h1_0.puntaje,
        h1_0.tiempo,
        h1_0.id_usuario 
    from
        pregunta p1_0 
    left join
        historial h1_0 
            on p1_0.id_pregunta=h1_0.id_pregunta 
    where
        p1_0.id_pregunta=?
Hibernate: 
    select
        p1_0.id_pregunta,
        p1_0.categoria,
        p1_0.dificultad,
        p1_0.estado,
        p1_0.op1,
        p1_0.op2,
        p1_0.op3,
        p1_0.op4,
        p1_0.pregunta,
        p1_0.respuesta 
    from
        pregunta p1_0 
    where
        p1_0.pregunta=?
Hibernate: 
    select
        p1_0.id_pregunta,
        p1_0.categoria,
        p1_0.dificultad,
        p1_0.estado,
        p1_0.op1,
        p1_0.op2,
        p1_0.op3,
        p1_0.op4,
        p1_0.pregunta,
        p1_0.respuesta,
        h1_0.id_pregunta,
        h1_0.id,
        h1_0.ayudas,
        h1_0.fecha,
        h1_0.puntaje,
        h1_0.tiempo,
        h1_0.id_usuario 
    from
        pregunta p1_0 
    left join
        historial h1_0 
            on p1_0.id_pregunta=h1_0.id_pregunta 
    where
        p1_0.id_pregunta=?
Hibernate: 
    select
        p1_0.id_pregunta,
        p1_0.categoria,
        p1_0.dificultad,
        p1_0.estado,
        p1_0.op1,
        p1_0.op2,
        p1_0.op3,
        p1_0.op4,
        p1_0.pregunta,
        p1_0.respuesta 
    from
        pregunta p1_0 
    where
        p1_0.pregunta=?
Hibernate: 
    select
        p1_0.id_pregunta,
        p1_0.categoria,
        p1_0.dificultad,
        p1_0.estado,
        p1_0.op1,
        p1_0.op2,
        p1_0.op3,
        p1_0.op4,
        p1_0.pregunta,
        p1_0.respuesta,
        h1_0.id_pregunta,
        h1_0.id,
        h1_0.ayudas,
        h1_0.fecha,
        h1_0.puntaje,
        h1_0.tiempo,
        h1_0.id_usuario 
    from
        pregunta p1_0 
    left join
        historial h1_0 
            on p1_0.id_pregunta=h1_0.id_pregunta 
    where
        p1_0.id_pregunta=?
Hibernate: 
    select
        p1_0.id_pregunta,
        p1_0.categoria,
        p1_0.dificultad,
        p1_0.estado,
        p1_0.op1,
        p1_0.op2,
        p1_0.op3,
        p1_0.op4,
        p1_0.pregunta,
        p1_0.respuesta 
    from
        pregunta p1_0 
    where
        p1_0.pregunta=?
Hibernate: 
    select
        p1_0.id_pregunta,
        p1_0.categoria,
        p1_0.dificultad,
        p1_0.estado,
        p1_0.op1,
        p1_0.op2,
        p1_0.op3,
        p1_0.op4,
        p1_0.pregunta,
        p1_0.respuesta,
        h1_0.id_pregunta,
        h1_0.id,
        h1_0.ayudas,
        h1_0.fecha,
        h1_0.puntaje,
        h1_0.tiempo,
        h1_0.id_usuario 
    from
        pregunta p1_0 
    left join
        historial h1_0 
            on p1_0.id_pregunta=h1_0.id_pregunta 
    where
        p1_0.id_pregunta=?
Hibernate: 
    select
        p1_0.id_pregunta,
        p1_0.categoria,
        p1_0.dificultad,
        p1_0.estado,
        p1_0.op1,
        p1_0.op2,
        p1_0.op3,
        p1_0.op4,
        p1_0.pregunta,
        p1_0.respuesta 
    from
        pregunta p1_0 
    where
        p1_0.pregunta=?
Hibernate: 
    select
        p1_0.id_pregunta,
        p1_0.categoria,
        p1_0.dificultad,
        p1_0.estado,
        p1_0.op1,
        p1_0.op2,
        p1_0.op3,
        p1_0.op4,
        p1_0.pregunta,
        p1_0.respuesta,
        h1_0.id_pregunta,
        h1_0.id,
        h1_0.ayudas,
        h1_0.fecha,
        h1_0.puntaje,
        h1_0.tiempo,
        h1_0.id_usuario 
    from
        pregunta p1_0 
    left join
        historial h1_0 
            on p1_0.id_pregunta=h1_0.id_pregunta 
    where
        p1_0.id_pregunta=?
Hibernate: 
    select
        p1_0.id_pregunta,
        p1_0.categoria,
        p1_0.dificultad,
        p1_0.estado,
        p1_0.op1,
        p1_0.op2,
        p1_0.op3,
        p1_0.op4,
        p1_0.pregunta,
        p1_0.respuesta 
    from
        pregunta p1_0 
    where
        p1_0.pregunta=?
Hibernate: 
    select
        p1_0.id_pregunta,
        p1_0.categoria,
        p1_0.dificultad,
        p1_0.estado,
        p1_0.op1,
        p1_0.op2,
        p1_0.op3,
        p1_0.op4,
        p1_0.pregunta,
        p1_0.respuesta,
        h1_0.id_pregunta,
        h1_0.id,
        h1_0.ayudas,
        h1_0.fecha,
        h1_0.puntaje,
        h1_0.tiempo,
        h1_0.id_usuario 
    from
        pregunta p1_0 
    left join
        historial h1_0 
            on p1_0.id_pregunta=h1_0.id_pregunta 
    where
        p1_0.id_pregunta=?
Hibernate: 
    select
        p1_0.id_pregunta,
        p1_0.categoria,
        p1_0.dificultad,
        p1_0.estado,
        p1_0.op1,
        p1_0.op2,
        p1_0.op3,
        p1_0.op4,
        p1_0.pregunta,
        p1_0.respuesta 
    from
        pregunta p1_0 
    where
        p1_0.pregunta=?
Hibernate: 
    select
        p1_0.id_pregunta,
        p1_0.categoria,
        p1_0.dificultad,
        p1_0.estado,
        p1_0.op1,
        p1_0.op2,
        p1_0.op3,
        p1_0.op4,
        p1_0.pregunta,
        p1_0.respuesta,
        h1_0.id_pregunta,
        h1_0.id,
        h1_0.ayudas,
        h1_0.fecha,
        h1_0.puntaje,
        h1_0.tiempo,
        h1_0.id_usuario 
    from
        pregunta p1_0 
    left join
        historial h1_0 
            on p1_0.id_pregunta=h1_0.id_pregunta 
    where
        p1_0.id_pregunta=?
Hibernate: 
    select
        p1_0.id_pregunta,
        p1_0.categoria,
        p1_0.dificultad,
        p1_0.estado,
        p1_0.op1,
        p1_0.op2,
        p1_0.op3,
        p1_0.op4,
        p1_0.pregunta,
        p1_0.respuesta 
    from
        pregunta p1_0 
    where
        p1_0.pregunta=?
Hibernate: 
    select
        p1_0.id_pregunta,
        p1_0.categoria,
        p1_0.dificultad,
        p1_0.estado,
        p1_0.op1,
        p1_0.op2,
        p1_0.op3,
        p1_0.op4,
        p1_0.pregunta,
        p1_0.respuesta,
        h1_0.id_pregunta,
        h1_0.id,
        h1_0.ayudas,
        h1_0.fecha,
        h1_0.puntaje,
        h1_0.tiempo,
        h1_0.id_usuario 
    from
        pregunta p1_0 
    left join
        historial h1_0 
            on p1_0.id_pregunta=h1_0.id_pregunta 
    where
        p1_0.id_pregunta=?
Hibernate: 
    select
        p1_0.id_pregunta,
        p1_0.categoria,
        p1_0.dificultad,
        p1_0.estado,
        p1_0.op1,
        p1_0.op2,
        p1_0.op3,
        p1_0.op4,
        p1_0.pregunta,
        p1_0.respuesta 
    from
        pregunta p1_0 
    where
        p1_0.pregunta=?
Hibernate: 
    select
        p1_0.id_pregunta,
        p1_0.categoria,
        p1_0.dificultad,
        p1_0.estado,
        p1_0.op1,
        p1_0.op2,
        p1_0.op3,
        p1_0.op4,
        p1_0.pregunta,
        p1_0.respuesta,
        h1_0.id_pregunta,
        h1_0.id,
        h1_0.ayudas,
        h1_0.fecha,
        h1_0.puntaje,
        h1_0.tiempo,
        h1_0.id_usuario 
    from
        pregunta p1_0 
    left join
        historial h1_0 
            on p1_0.id_pregunta=h1_0.id_pregunta 
    where
        p1_0.id_pregunta=?
Hibernate: 
    select
        p1_0.id_pregunta,
        p1_0.categoria,
        p1_0.dificultad,
        p1_0.estado,
        p1_0.op1,
        p1_0.op2,
        p1_0.op3,
        p1_0.op4,
        p1_0.pregunta,
        p1_0.respuesta 
    from
        pregunta p1_0 
    where
        p1_0.pregunta=?
Hibernate: 
    select
        p1_0.id_pregunta,
        p1_0.categoria,
        p1_0.dificultad,
        p1_0.estado,
        p1_0.op1,
        p1_0.op2,
        p1_0.op3,
        p1_0.op4,
        p1_0.pregunta,
        p1_0.respuesta,
        h1_0.id_pregunta,
        h1_0.id,
        h1_0.ayudas,
        h1_0.fecha,
        h1_0.puntaje,
        h1_0.tiempo,
        h1_0.id_usuario 
    from
        pregunta p1_0 
    left join
        historial h1_0 
            on p1_0.id_pregunta=h1_0.id_pregunta 
    where
        p1_0.id_pregunta=?
Hibernate: 
    select
        p1_0.id_pregunta,
        p1_0.categoria,
        p1_0.dificultad,
        p1_0.estado,
        p1_0.op1,
        p1_0.op2,
        p1_0.op3,
        p1_0.op4,
        p1_0.pregunta,
        p1_0.respuesta 
    from
        pregunta p1_0 
    where
        p1_0.pregunta=?
Hibernate: 
    select
        p1_0.id_pregunta,
        p1_0.categoria,
        p1_0.dificultad,
        p1_0.estado,
        p1_0.op1,
        p1_0.op2,
        p1_0.op3,
        p1_0.op4,
        p1_0.pregunta,
        p1_0.respuesta,
        h1_0.id_pregunta,
        h1_0.id,
        h1_0.ayudas,
        h1_0.fecha,
        h1_0.puntaje,
        h1_0.tiempo,
        h1_0.id_usuario 
    from
        pregunta p1_0 
    left join
        historial h1_0 
            on p1_0.id_pregunta=h1_0.id_pregunta 
    where
        p1_0.id_pregunta=?
Hibernate: 
    select
        p1_0.id_pregunta,
        p1_0.categoria,
        p1_0.dificultad,
        p1_0.estado,
        p1_0.op1,
        p1_0.op2,
        p1_0.op3,
        p1_0.op4,
        p1_0.pregunta,
        p1_0.respuesta 
    from
        pregunta p1_0 
    where
        p1_0.pregunta=?
Hibernate: 
    select
        p1_0.id_pregunta,
        p1_0.categoria,
        p1_0.dificultad,
        p1_0.estado,
        p1_0.op1,
        p1_0.op2,
        p1_0.op3,
        p1_0.op4,
        p1_0.pregunta,
        p1_0.respuesta,
        h1_0.id_pregunta,
        h1_0.id,
        h1_0.ayudas,
        h1_0.fecha,
        h1_0.puntaje,
        h1_0.tiempo,
        h1_0.id_usuario 
    from
        pregunta p1_0 
    left join
        historial h1_0 
            on p1_0.id_pregunta=h1_0.id_pregunta 
    where
        p1_0.id_pregunta=?
Hibernate: 
    select
        p1_0.id_pregunta,
        p1_0.categoria,
        p1_0.dificultad,
        p1_0.estado,
        p1_0.op1,
        p1_0.op2,
        p1_0.op3,
        p1_0.op4,
        p1_0.pregunta,
        p1_0.respuesta 
    from
        pregunta p1_0 
    where
        p1_0.pregunta=?
Hibernate: 
    select
        p1_0.id_pregunta,
        p1_0.categoria,
        p1_0.dificultad,
        p1_0.estado,
        p1_0.op1,
        p1_0.op2,
        p1_0.op3,
        p1_0.op4,
        p1_0.pregunta,
        p1_0.respuesta,
        h1_0.id_pregunta,
        h1_0.id,
        h1_0.ayudas,
        h1_0.fecha,
        h1_0.puntaje,
        h1_0.tiempo,
        h1_0.id_usuario 
    from
        pregunta p1_0 
    left join
        historial h1_0 
            on p1_0.id_pregunta=h1_0.id_pregunta 
    where
        p1_0.id_pregunta=?
Hibernate: 
    select
        p1_0.id_pregunta,
        p1_0.categoria,
        p1_0.dificultad,
        p1_0.estado,
        p1_0.op1,
        p1_0.op2,
        p1_0.op3,
        p1_0.op4,
        p1_0.pregunta,
        p1_0.respuesta 
    from
        pregunta p1_0 
    where
        p1_0.pregunta=?
Hibernate: 
    select
        p1_0.id_pregunta,
        p1_0.categoria,
        p1_0.dificultad,
        p1_0.estado,
        p1_0.op1,
        p1_0.op2,
        p1_0.op3,
        p1_0.op4,
        p1_0.pregunta,
        p1_0.respuesta,
        h1_0.id_pregunta,
        h1_0.id,
        h1_0.ayudas,
        h1_0.fecha,
        h1_0.puntaje,
        h1_0.tiempo,
        h1_0.id_usuario 
    from
        pregunta p1_0 
    left join
        historial h1_0 
            on p1_0.id_pregunta=h1_0.id_pregunta 
    where
        p1_0.id_pregunta=?
Hibernate: 
    select
        p1_0.id_pregunta,
        p1_0.categoria,
        p1_0.dificultad,
        p1_0.estado,
        p1_0.op1,
        p1_0.op2,
        p1_0.op3,
        p1_0.op4,
        p1_0.pregunta,
        p1_0.respuesta 
    from
        pregunta p1_0 
    where
        p1_0.pregunta=?
Hibernate: 
    select
        p1_0.id_pregunta,
        p1_0.categoria,
        p1_0.dificultad,
        p1_0.estado,
        p1_0.op1,
        p1_0.op2,
        p1_0.op3,
        p1_0.op4,
        p1_0.pregunta,
        p1_0.respuesta,
        h1_0.id_pregunta,
        h1_0.id,
        h1_0.ayudas,
        h1_0.fecha,
        h1_0.puntaje,
        h1_0.tiempo,
        h1_0.id_usuario 
    from
        pregunta p1_0 
    left join
        historial h1_0 
            on p1_0.id_pregunta=h1_0.id_pregunta 
    where
        p1_0.id_pregunta=?
Hibernate: 
    select
        p1_0.id_pregunta,
        p1_0.categoria,
        p1_0.dificultad,
        p1_0.estado,
        p1_0.op1,
        p1_0.op2,
        p1_0.op3,
        p1_0.op4,
        p1_0.pregunta,
        p1_0.respuesta 
    from
        pregunta p1_0 
    where
        p1_0.pregunta=?
Hibernate: 
    select
        p1_0.id_pregunta,
        p1_0.categoria,
        p1_0.dificultad,
        p1_0.estado,
        p1_0.op1,
        p1_0.op2,
        p1_0.op3,
        p1_0.op4,
        p1_0.pregunta,
        p1_0.respuesta,
        h1_0.id_pregunta,
        h1_0.id,
        h1_0.ayudas,
        h1_0.fecha,
        h1_0.puntaje,
        h1_0.tiempo,
        h1_0.id_usuario 
    from
        pregunta p1_0 
    left join
        historial h1_0 
            on p1_0.id_pregunta=h1_0.id_pregunta 
    where
        p1_0.id_pregunta=?
Hibernate: 
    select
        p1_0.id_pregunta,
        p1_0.categoria,
        p1_0.dificultad,
        p1_0.estado,
        p1_0.op1,
        p1_0.op2,
        p1_0.op3,
        p1_0.op4,
        p1_0.pregunta,
        p1_0.respuesta 
    from
        pregunta p1_0 
    where
        p1_0.pregunta=?
Hibernate: 
    select
        p1_0.id_pregunta,
        p1_0.categoria,
        p1_0.dificultad,
        p1_0.estado,
        p1_0.op1,
        p1_0.op2,
        p1_0.op3,
        p1_0.op4,
        p1_0.pregunta,
        p1_0.respuesta,
        h1_0.id_pregunta,
        h1_0.id,
        h1_0.ayudas,
        h1_0.fecha,
        h1_0.puntaje,
        h1_0.tiempo,
        h1_0.id_usuario 
    from
        pregunta p1_0 
    left join
        historial h1_0 
            on p1_0.id_pregunta=h1_0.id_pregunta 
    where
        p1_0.id_pregunta=?
Hibernate: 
    select
        p1_0.id_pregunta,
        p1_0.categoria,
        p1_0.dificultad,
        p1_0.estado,
        p1_0.op1,
        p1_0.op2,
        p1_0.op3,
        p1_0.op4,
        p1_0.pregunta,
        p1_0.respuesta 
    from
        pregunta p1_0 
    where
        p1_0.pregunta=?
Hibernate: 
    select
        p1_0.id_pregunta,
        p1_0.categoria,
        p1_0.dificultad,
        p1_0.estado,
        p1_0.op1,
        p1_0.op2,
        p1_0.op3,
        p1_0.op4,
        p1_0.pregunta,
        p1_0.respuesta,
        h1_0.id_pregunta,
        h1_0.id,
        h1_0.ayudas,
        h1_0.fecha,
        h1_0.puntaje,
        h1_0.tiempo,
        h1_0.id_usuario 
    from
        pregunta p1_0 
    left join
        historial h1_0 
            on p1_0.id_pregunta=h1_0.id_pregunta 
    where
        p1_0.id_pregunta=?
Hibernate: 
    select
        p1_0.id_pregunta,
        p1_0.categoria,
        p1_0.dificultad,
        p1_0.estado,
        p1_0.op1,
        p1_0.op2,
        p1_0.op3,
        p1_0.op4,
        p1_0.pregunta,
        p1_0.respuesta 
    from
        pregunta p1_0 
    where
        p1_0.pregunta=?
Hibernate: 
    select
        p1_0.id_pregunta,
        p1_0.categoria,
        p1_0.dificultad,
        p1_0.estado,
        p1_0.op1,
        p1_0.op2,
        p1_0.op3,
        p1_0.op4,
        p1_0.pregunta,
        p1_0.respuesta,
        h1_0.id_pregunta,
        h1_0.id,
        h1_0.ayudas,
        h1_0.fecha,
        h1_0.puntaje,
        h1_0.tiempo,
        h1_0.id_usuario 
    from
        pregunta p1_0 
    left join
        historial h1_0 
            on p1_0.id_pregunta=h1_0.id_pregunta 
    where
        p1_0.id_pregunta=?
Hibernate: 
    select
        p1_0.id_pregunta,
        p1_0.categoria,
        p1_0.dificultad,
        p1_0.estado,
        p1_0.op1,
        p1_0.op2,
        p1_0.op3,
        p1_0.op4,
        p1_0.pregunta,
        p1_0.respuesta 
    from
        pregunta p1_0 
    where
        p1_0.pregunta=?
Hibernate: 
    select
        p1_0.id_pregunta,
        p1_0.categoria,
        p1_0.dificultad,
        p1_0.estado,
        p1_0.op1,
        p1_0.op2,
        p1_0.op3,
        p1_0.op4,
        p1_0.pregunta,
        p1_0.respuesta,
        h1_0.id_pregunta,
        h1_0.id,
        h1_0.ayudas,
        h1_0.fecha,
        h1_0.puntaje,
        h1_0.tiempo,
        h1_0.id_usuario 
    from
        pregunta p1_0 
    left join
        historial h1_0 
            on p1_0.id_pregunta=h1_0.id_pregunta 
    where
        p1_0.id_pregunta=?
Hibernate: 
    select
        p1_0.id_pregunta,
        p1_0.categoria,
        p1_0.dificultad,
        p1_0.estado,
        p1_0.op1,
        p1_0.op2,
        p1_0.op3,
        p1_0.op4,
        p1_0.pregunta,
        p1_0.respuesta 
    from
        pregunta p1_0 
    where
        p1_0.pregunta=?
Hibernate: 
    select
        p1_0.id_pregunta,
        p1_0.categoria,
        p1_0.dificultad,
        p1_0.estado,
        p1_0.op1,
        p1_0.op2,
        p1_0.op3,
        p1_0.op4,
        p1_0.pregunta,
        p1_0.respuesta,
        h1_0.id_pregunta,
        h1_0.id,
        h1_0.ayudas,
        h1_0.fecha,
        h1_0.puntaje,
        h1_0.tiempo,
        h1_0.id_usuario 
    from
        pregunta p1_0 
    left join
        historial h1_0 
            on p1_0.id_pregunta=h1_0.id_pregunta 
    where
        p1_0.id_pregunta=?
Hibernate: 
    select
        p1_0.id_pregunta,
        p1_0.categoria,
        p1_0.dificultad,
        p1_0.estado,
        p1_0.op1,
        p1_0.op2,
        p1_0.op3,
        p1_0.op4,
        p1_0.pregunta,
        p1_0.respuesta 
    from
        pregunta p1_0 
    where
        p1_0.pregunta=?
Hibernate: 
    select
        p1_0.id_pregunta,
        p1_0.categoria,
        p1_0.dificultad,
        p1_0.estado,
        p1_0.op1,
        p1_0.op2,
        p1_0.op3,
        p1_0.op4,
        p1_0.pregunta,
        p1_0.respuesta,
        h1_0.id_pregunta,
        h1_0.id,
        h1_0.ayudas,
        h1_0.fecha,
        h1_0.puntaje,
        h1_0.tiempo,
        h1_0.id_usuario 
    from
        pregunta p1_0 
    left join
        historial h1_0 
            on p1_0.id_pregunta=h1_0.id_pregunta 
    where
        p1_0.id_pregunta=?
Hibernate: 
    select
        p1_0.id_pregunta,
        p1_0.categoria,
        p1_0.dificultad,
        p1_0.estado,
        p1_0.op1,
        p1_0.op2,
        p1_0.op3,
        p1_0.op4,
        p1_0.pregunta,
        p1_0.respuesta 
    from
        pregunta p1_0 
    where
        p1_0.pregunta=?
Hibernate: 
    select
        p1_0.id_pregunta,
        p1_0.categoria,
        p1_0.dificultad,
        p1_0.estado,
        p1_0.op1,
        p1_0.op2,
        p1_0.op3,
        p1_0.op4,
        p1_0.pregunta,
        p1_0.respuesta,
        h1_0.id_pregunta,
        h1_0.id,
        h1_0.ayudas,
        h1_0.fecha,
        h1_0.puntaje,
        h1_0.tiempo,
        h1_0.id_usuario 
    from
        pregunta p1_0 
    left join
        historial h1_0 
            on p1_0.id_pregunta=h1_0.id_pregunta 
    where
        p1_0.id_pregunta=?
Hibernate: 
    select
        p1_0.id_pregunta,
        p1_0.categoria,
        p1_0.dificultad,
        p1_0.estado,
        p1_0.op1,
        p1_0.op2,
        p1_0.op3,
        p1_0.op4,
        p1_0.pregunta,
        p1_0.respuesta 
    from
        pregunta p1_0 
    where
        p1_0.pregunta=?
Hibernate: 
    select
        p1_0.id_pregunta,
        p1_0.categoria,
        p1_0.dificultad,
        p1_0.estado,
        p1_0.op1,
        p1_0.op2,
        p1_0.op3,
        p1_0.op4,
        p1_0.pregunta,
        p1_0.respuesta,
        h1_0.id_pregunta,
        h1_0.id,
        h1_0.ayudas,
        h1_0.fecha,
        h1_0.puntaje,
        h1_0.tiempo,
        h1_0.id_usuario 
    from
        pregunta p1_0 
    left join
        historial h1_0 
            on p1_0.id_pregunta=h1_0.id_pregunta 
    where
        p1_0.id_pregunta=?
Hibernate: 
    select
        p1_0.id_pregunta,
        p1_0.categoria,
        p1_0.dificultad,
        p1_0.estado,
        p1_0.op1,
        p1_0.op2,
        p1_0.op3,
        p1_0.op4,
        p1_0.pregunta,
        p1_0.respuesta 
    from
        pregunta p1_0 
    where
        p1_0.pregunta=?
Hibernate: 
    select
        p1_0.id_pregunta,
        p1_0.categoria,
        p1_0.dificultad,
        p1_0.estado,
        p1_0.op1,
        p1_0.op2,
        p1_0.op3,
        p1_0.op4,
        p1_0.pregunta,
        p1_0.respuesta,
        h1_0.id_pregunta,
        h1_0.id,
        h1_0.ayudas,
        h1_0.fecha,
        h1_0.puntaje,
        h1_0.tiempo,
        h1_0.id_usuario 
    from
        pregunta p1_0 
    left join
        historial h1_0 
            on p1_0.id_pregunta=h1_0.id_pregunta 
    where
        p1_0.id_pregunta=?
Hibernate: 
    select
        p1_0.id_pregunta,
        p1_0.categoria,
        p1_0.dificultad,
        p1_0.estado,
        p1_0.op1,
        p1_0.op2,
        p1_0.op3,
        p1_0.op4,
        p1_0.pregunta,
        p1_0.respuesta 
    from
        pregunta p1_0 
    where
        p1_0.pregunta=?
Hibernate: 
    select
        p1_0.id_pregunta,
        p1_0.categoria,
        p1_0.dificultad,
        p1_0.estado,
        p1_0.op1,
        p1_0.op2,
        p1_0.op3,
        p1_0.op4,
        p1_0.pregunta,
        p1_0.respuesta,
        h1_0.id_pregunta,
        h1_0.id,
        h1_0.ayudas,
        h1_0.fecha,
        h1_0.puntaje,
        h1_0.tiempo,
        h1_0.id_usuario 
    from
        pregunta p1_0 
    left join
        historial h1_0 
            on p1_0.id_pregunta=h1_0.id_pregunta 
    where
        p1_0.id_pregunta=?
Hibernate: 
    select
        p1_0.id_pregunta,
        p1_0.categoria,
        p1_0.dificultad,
        p1_0.estado,
        p1_0.op1,
        p1_0.op2,
        p1_0.op3,
        p1_0.op4,
        p1_0.pregunta,
        p1_0.respuesta 
    from
        pregunta p1_0 
    where
        p1_0.pregunta=?
Hibernate: 
    select
        p1_0.id_pregunta,
        p1_0.categoria,
        p1_0.dificultad,
        p1_0.estado,
        p1_0.op1,
        p1_0.op2,
        p1_0.op3,
        p1_0.op4,
        p1_0.pregunta,
        p1_0.respuesta,
        h1_0.id_pregunta,
        h1_0.id,
        h1_0.ayudas,
        h1_0.fecha,
        h1_0.puntaje,
        h1_0.tiempo,
        h1_0.id_usuario 
    from
        pregunta p1_0 
    left join
        historial h1_0 
            on p1_0.id_pregunta=h1_0.id_pregunta 
    where
        p1_0.id_pregunta=?
Hibernate: 
    select
        p1_0.id_pregunta,
        p1_0.categoria,
        p1_0.dificultad,
        p1_0.estado,
        p1_0.op1,
        p1_0.op2,
        p1_0.op3,
        p1_0.op4,
        p1_0.pregunta,
        p1_0.respuesta 
    from
        pregunta p1_0 
    where
        p1_0.pregunta=?
Hibernate: 
    select
        p1_0.id_pregunta,
        p1_0.categoria,
        p1_0.dificultad,
        p1_0.estado,
        p1_0.op1,
        p1_0.op2,
        p1_0.op3,
        p1_0.op4,
        p1_0.pregunta,
        p1_0.respuesta,
        h1_0.id_pregunta,
        h1_0.id,
        h1_0.ayudas,
        h1_0.fecha,
        h1_0.puntaje,
        h1_0.tiempo,
        h1_0.id_usuario 
    from
        pregunta p1_0 
    left join
        historial h1_0 
            on p1_0.id_pregunta=h1_0.id_pregunta 
    where
        p1_0.id_pregunta=?
Hibernate: 
    select
        p1_0.id_pregunta,
        p1_0.categoria,
        p1_0.dificultad,
        p1_0.estado,
        p1_0.op1,
        p1_0.op2,
        p1_0.op3,
        p1_0.op4,
        p1_0.pregunta,
        p1_0.respuesta 
    from
        pregunta p1_0 
    where
        p1_0.pregunta=?
Hibernate: 
    select
        p1_0.id_pregunta,
        p1_0.categoria,
        p1_0.dificultad,
        p1_0.estado,
        p1_0.op1,
        p1_0.op2,
        p1_0.op3,
        p1_0.op4,
        p1_0.pregunta,
        p1_0.respuesta,
        h1_0.id_pregunta,
        h1_0.id,
        h1_0.ayudas,
        h1_0.fecha,
        h1_0.puntaje,
        h1_0.tiempo,
        h1_0.id_usuario 
    from
        pregunta p1_0 
    left join
        historial h1_0 
            on p1_0.id_pregunta=h1_0.id_pregunta 
    where
        p1_0.id_pregunta=?
Hibernate: 
    select
        p1_0.id_pregunta,
        p1_0.categoria,
        p1_0.dificultad,
        p1_0.estado,
        p1_0.op1,
        p1_0.op2,
        p1_0.op3,
        p1_0.op4,
        p1_0.pregunta,
        p1_0.respuesta 
    from
        pregunta p1_0 
    where
        p1_0.pregunta=?
Hibernate: 
    select
        p1_0.id_pregunta,
        p1_0.categoria,
        p1_0.dificultad,
        p1_0.estado,
        p1_0.op1,
        p1_0.op2,
        p1_0.op3,
        p1_0.op4,
        p1_0.pregunta,
        p1_0.respuesta,
        h1_0.id_pregunta,
        h1_0.id,
        h1_0.ayudas,
        h1_0.fecha,
        h1_0.puntaje,
        h1_0.tiempo,
        h1_0.id_usuario 
    from
        pregunta p1_0 
    left join
        historial h1_0 
            on p1_0.id_pregunta=h1_0.id_pregunta 
    where
        p1_0.id_pregunta=?
Hibernate: 
    select
        p1_0.id_pregunta,
        p1_0.categoria,
        p1_0.dificultad,
        p1_0.estado,
        p1_0.op1,
        p1_0.op2,
        p1_0.op3,
        p1_0.op4,
        p1_0.pregunta,
        p1_0.respuesta 
    from
        pregunta p1_0 
    where
        p1_0.pregunta=?
Hibernate: 
    select
        p1_0.id_pregunta,
        p1_0.categoria,
        p1_0.dificultad,
        p1_0.estado,
        p1_0.op1,
        p1_0.op2,
        p1_0.op3,
        p1_0.op4,
        p1_0.pregunta,
        p1_0.respuesta,
        h1_0.id_pregunta,
        h1_0.id,
        h1_0.ayudas,
        h1_0.fecha,
        h1_0.puntaje,
        h1_0.tiempo,
        h1_0.id_usuario 
    from
        pregunta p1_0 
    left join
        historial h1_0 
            on p1_0.id_pregunta=h1_0.id_pregunta 
    where
        p1_0.id_pregunta=?
Hibernate: 
    select
        p1_0.id_pregunta,
        p1_0.categoria,
        p1_0.dificultad,
        p1_0.estado,
        p1_0.op1,
        p1_0.op2,
        p1_0.op3,
        p1_0.op4,
        p1_0.pregunta,
        p1_0.respuesta 
    from
        pregunta p1_0 
    where
        p1_0.pregunta=?
Hibernate: 
    select
        p1_0.id_pregunta,
        p1_0.categoria,
        p1_0.dificultad,
        p1_0.estado,
        p1_0.op1,
        p1_0.op2,
        p1_0.op3,
        p1_0.op4,
        p1_0.pregunta,
        p1_0.respuesta,
        h1_0.id_pregunta,
        h1_0.id,
        h1_0.ayudas,
        h1_0.fecha,
        h1_0.puntaje,
        h1_0.tiempo,
        h1_0.id_usuario 
    from
        pregunta p1_0 
    left join
        historial h1_0 
            on p1_0.id_pregunta=h1_0.id_pregunta 
    where
        p1_0.id_pregunta=?
Hibernate: 
    select
        p1_0.id_pregunta,
        p1_0.categoria,
        p1_0.dificultad,
        p1_0.estado,
        p1_0.op1,
        p1_0.op2,
        p1_0.op3,
        p1_0.op4,
        p1_0.pregunta,
        p1_0.respuesta 
    from
        pregunta p1_0 
    where
        p1_0.pregunta=?
Hibernate: 
    select
        p1_0.id_pregunta,
        p1_0.categoria,
        p1_0.dificultad,
        p1_0.estado,
        p1_0.op1,
        p1_0.op2,
        p1_0.op3,
        p1_0.op4,
        p1_0.pregunta,
        p1_0.respuesta,
        h1_0.id_pregunta,
        h1_0.id,
        h1_0.ayudas,
        h1_0.fecha,
        h1_0.puntaje,
        h1_0.tiempo,
        h1_0.id_usuario 
    from
        pregunta p1_0 
    left join
        historial h1_0 
            on p1_0.id_pregunta=h1_0.id_pregunta 
    where
        p1_0.id_pregunta=?
Hibernate: 
    select
        p1_0.id_pregunta,
        p1_0.categoria,
        p1_0.dificultad,
        p1_0.estado,
        p1_0.op1,
        p1_0.op2,
        p1_0.op3,
        p1_0.op4,
        p1_0.pregunta,
        p1_0.respuesta 
    from
        pregunta p1_0 
    where
        p1_0.pregunta=?
Hibernate: 
    select
        p1_0.id_pregunta,
        p1_0.categoria,
        p1_0.dificultad,
        p1_0.estado,
        p1_0.op1,
        p1_0.op2,
        p1_0.op3,
        p1_0.op4,
        p1_0.pregunta,
        p1_0.respuesta,
        h1_0.id_pregunta,
        h1_0.id,
        h1_0.ayudas,
        h1_0.fecha,
        h1_0.puntaje,
        h1_0.tiempo,
        h1_0.id_usuario 
    from
        pregunta p1_0 
    left join
        historial h1_0 
            on p1_0.id_pregunta=h1_0.id_pregunta 
    where
        p1_0.id_pregunta=?
Hibernate: 
    select
        p1_0.id_pregunta,
        p1_0.categoria,
        p1_0.dificultad,
        p1_0.estado,
        p1_0.op1,
        p1_0.op2,
        p1_0.op3,
        p1_0.op4,
        p1_0.pregunta,
        p1_0.respuesta 
    from
        pregunta p1_0 
    where
        p1_0.pregunta=?
Hibernate: 
    select
        p1_0.id_pregunta,
        p1_0.categoria,
        p1_0.dificultad,
        p1_0.estado,
        p1_0.op1,
        p1_0.op2,
        p1_0.op3,
        p1_0.op4,
        p1_0.pregunta,
        p1_0.respuesta,
        h1_0.id_pregunta,
        h1_0.id,
        h1_0.ayudas,
        h1_0.fecha,
        h1_0.puntaje,
        h1_0.tiempo,
        h1_0.id_usuario 
    from
        pregunta p1_0 
    left join
        historial h1_0 
            on p1_0.id_pregunta=h1_0.id_pregunta 
    where
        p1_0.id_pregunta=?
Hibernate: 
    select
        p1_0.id_pregunta,
        p1_0.categoria,
        p1_0.dificultad,
        p1_0.estado,
        p1_0.op1,
        p1_0.op2,
        p1_0.op3,
        p1_0.op4,
        p1_0.pregunta,
        p1_0.respuesta 
    from
        pregunta p1_0 
    where
        p1_0.pregunta=?
Hibernate: 
    select
        p1_0.id_pregunta,
        p1_0.categoria,
        p1_0.dificultad,
        p1_0.estado,
        p1_0.op1,
        p1_0.op2,
        p1_0.op3,
        p1_0.op4,
        p1_0.pregunta,
        p1_0.respuesta,
        h1_0.id_pregunta,
        h1_0.id,
        h1_0.ayudas,
        h1_0.fecha,
        h1_0.puntaje,
        h1_0.tiempo,
        h1_0.id_usuario 
    from
        pregunta p1_0 
    left join
        historial h1_0 
            on p1_0.id_pregunta=h1_0.id_pregunta 
    where
        p1_0.id_pregunta=?
Hibernate: 
    select
        p1_0.id_pregunta,
        p1_0.categoria,
        p1_0.dificultad,
        p1_0.estado,
        p1_0.op1,
        p1_0.op2,
        p1_0.op3,
        p1_0.op4,
        p1_0.pregunta,
        p1_0.respuesta 
    from
        pregunta p1_0 
    where
        p1_0.pregunta=?
Hibernate: 
    select
        p1_0.id_pregunta,
        p1_0.categoria,
        p1_0.dificultad,
        p1_0.estado,
        p1_0.op1,
        p1_0.op2,
        p1_0.op3,
        p1_0.op4,
        p1_0.pregunta,
        p1_0.respuesta,
        h1_0.id_pregunta,
        h1_0.id,
        h1_0.ayudas,
        h1_0.fecha,
        h1_0.puntaje,
        h1_0.tiempo,
        h1_0.id_usuario 
    from
        pregunta p1_0 
    left join
        historial h1_0 
            on p1_0.id_pregunta=h1_0.id_pregunta 
    where
        p1_0.id_pregunta=?
Hibernate: 
    select
        p1_0.id_pregunta,
        p1_0.categoria,
        p1_0.dificultad,
        p1_0.estado,
        p1_0.op1,
        p1_0.op2,
        p1_0.op3,
        p1_0.op4,
        p1_0.pregunta,
        p1_0.respuesta 
    from
        pregunta p1_0 
    where
        p1_0.pregunta=?
Hibernate: 
    select
        p1_0.id_pregunta,
        p1_0.categoria,
        p1_0.dificultad,
        p1_0.estado,
        p1_0.op1,
        p1_0.op2,
        p1_0.op3,
        p1_0.op4,
        p1_0.pregunta,
        p1_0.respuesta,
        h1_0.id_pregunta,
        h1_0.id,
        h1_0.ayudas,
        h1_0.fecha,
        h1_0.puntaje,
        h1_0.tiempo,
        h1_0.id_usuario 
    from
        pregunta p1_0 
    left join
        historial h1_0 
            on p1_0.id_pregunta=h1_0.id_pregunta 
    where
        p1_0.id_pregunta=?
Hibernate: 
    select
        p1_0.id_pregunta,
        p1_0.categoria,
        p1_0.dificultad,
        p1_0.estado,
        p1_0.op1,
        p1_0.op2,
        p1_0.op3,
        p1_0.op4,
        p1_0.pregunta,
        p1_0.respuesta 
    from
        pregunta p1_0 
    where
        p1_0.pregunta=?
Hibernate: 
    select
        p1_0.id_pregunta,
        p1_0.categoria,
        p1_0.dificultad,
        p1_0.estado,
        p1_0.op1,
        p1_0.op2,
        p1_0.op3,
        p1_0.op4,
        p1_0.pregunta,
        p1_0.respuesta,
        h1_0.id_pregunta,
        h1_0.id,
        h1_0.ayudas,
        h1_0.fecha,
        h1_0.puntaje,
        h1_0.tiempo,
        h1_0.id_usuario 
    from
        pregunta p1_0 
    left join
        historial h1_0 
            on p1_0.id_pregunta=h1_0.id_pregunta 
    where
        p1_0.id_pregunta=?
Hibernate: 
    select
        p1_0.id_pregunta,
        p1_0.categoria,
        p1_0.dificultad,
        p1_0.estado,
        p1_0.op1,
        p1_0.op2,
        p1_0.op3,
        p1_0.op4,
        p1_0.pregunta,
        p1_0.respuesta 
    from
        pregunta p1_0 
    where
        p1_0.pregunta=?
Hibernate: 
    select
        p1_0.id_pregunta,
        p1_0.categoria,
        p1_0.dificultad,
        p1_0.estado,
        p1_0.op1,
        p1_0.op2,
        p1_0.op3,
        p1_0.op4,
        p1_0.pregunta,
        p1_0.respuesta,
        h1_0.id_pregunta,
        h1_0.id,
        h1_0.ayudas,
        h1_0.fecha,
        h1_0.puntaje,
        h1_0.tiempo,
        h1_0.id_usuario 
    from
        pregunta p1_0 
    left join
        historial h1_0 
            on p1_0.id_pregunta=h1_0.id_pregunta 
    where
        p1_0.id_pregunta=?
Hibernate: 
    select
        p1_0.id_pregunta,
        p1_0.categoria,
        p1_0.dificultad,
        p1_0.estado,
        p1_0.op1,
        p1_0.op2,
        p1_0.op3,
        p1_0.op4,
        p1_0.pregunta,
        p1_0.respuesta 
    from
        pregunta p1_0 
    where
        p1_0.pregunta=?
Hibernate: 
    select
        p1_0.id_pregunta,
        p1_0.categoria,
        p1_0.dificultad,
        p1_0.estado,
        p1_0.op1,
        p1_0.op2,
        p1_0.op3,
        p1_0.op4,
        p1_0.pregunta,
        p1_0.respuesta,
        h1_0.id_pregunta,
        h1_0.id,
        h1_0.ayudas,
        h1_0.fecha,
        h1_0.puntaje,
        h1_0.tiempo,
        h1_0.id_usuario 
    from
        pregunta p1_0 
    left join
        historial h1_0 
            on p1_0.id_pregunta=h1_0.id_pregunta 
    where
        p1_0.id_pregunta=?
Hibernate: 
    select
        p1_0.id_pregunta,
        p1_0.categoria,
        p1_0.dificultad,
        p1_0.estado,
        p1_0.op1,
        p1_0.op2,
        p1_0.op3,
        p1_0.op4,
        p1_0.pregunta,
        p1_0.respuesta 
    from
        pregunta p1_0 
    where
        p1_0.pregunta=?
Hibernate: 
    select
        p1_0.id_pregunta,
        p1_0.categoria,
        p1_0.dificultad,
        p1_0.estado,
        p1_0.op1,
        p1_0.op2,
        p1_0.op3,
        p1_0.op4,
        p1_0.pregunta,
        p1_0.respuesta,
        h1_0.id_pregunta,
        h1_0.id,
        h1_0.ayudas,
        h1_0.fecha,
        h1_0.puntaje,
        h1_0.tiempo,
        h1_0.id_usuario 
    from
        pregunta p1_0 
    left join
        historial h1_0 
            on p1_0.id_pregunta=h1_0.id_pregunta 
    where
        p1_0.id_pregunta=?
Hibernate: 
    select
        p1_0.id_pregunta,
        p1_0.categoria,
        p1_0.dificultad,
        p1_0.estado,
        p1_0.op1,
        p1_0.op2,
        p1_0.op3,
        p1_0.op4,
        p1_0.pregunta,
        p1_0.respuesta 
    from
        pregunta p1_0 
    where
        p1_0.pregunta=?
Hibernate: 
    select
        p1_0.id_pregunta,
        p1_0.categoria,
        p1_0.dificultad,
        p1_0.estado,
        p1_0.op1,
        p1_0.op2,
        p1_0.op3,
        p1_0.op4,
        p1_0.pregunta,
        p1_0.respuesta,
        h1_0.id_pregunta,
        h1_0.id,
        h1_0.ayudas,
        h1_0.fecha,
        h1_0.puntaje,
        h1_0.tiempo,
        h1_0.id_usuario 
    from
        pregunta p1_0 
    left join
        historial h1_0 
            on p1_0.id_pregunta=h1_0.id_pregunta 
    where
        p1_0.id_pregunta=?
Hibernate: 
    select
        p1_0.id_pregunta,
        p1_0.categoria,
        p1_0.dificultad,
        p1_0.estado,
        p1_0.op1,
        p1_0.op2,
        p1_0.op3,
        p1_0.op4,
        p1_0.pregunta,
        p1_0.respuesta 
    from
        pregunta p1_0 
    where
        p1_0.pregunta=?
Hibernate: 
    select
        p1_0.id_pregunta,
        p1_0.categoria,
        p1_0.dificultad,
        p1_0.estado,
        p1_0.op1,
        p1_0.op2,
        p1_0.op3,
        p1_0.op4,
        p1_0.pregunta,
        p1_0.respuesta,
        h1_0.id_pregunta,
        h1_0.id,
        h1_0.ayudas,
        h1_0.fecha,
        h1_0.puntaje,
        h1_0.tiempo,
        h1_0.id_usuario 
    from
        pregunta p1_0 
    left join
        historial h1_0 
            on p1_0.id_pregunta=h1_0.id_pregunta 
    where
        p1_0.id_pregunta=?
Hibernate: 
    select
        p1_0.id_pregunta,
        p1_0.categoria,
        p1_0.dificultad,
        p1_0.estado,
        p1_0.op1,
        p1_0.op2,
        p1_0.op3,
        p1_0.op4,
        p1_0.pregunta,
        p1_0.respuesta 
    from
        pregunta p1_0 
    where
        p1_0.pregunta=?
Hibernate: 
    select
        p1_0.id_pregunta,
        p1_0.categoria,
        p1_0.dificultad,
        p1_0.estado,
        p1_0.op1,
        p1_0.op2,
        p1_0.op3,
        p1_0.op4,
        p1_0.pregunta,
        p1_0.respuesta,
        h1_0.id_pregunta,
        h1_0.id,
        h1_0.ayudas,
        h1_0.fecha,
        h1_0.puntaje,
        h1_0.tiempo,
        h1_0.id_usuario 
    from
        pregunta p1_0 
    left join
        historial h1_0 
            on p1_0.id_pregunta=h1_0.id_pregunta 
    where
        p1_0.id_pregunta=?
Hibernate: 
    select
        p1_0.id_pregunta,
        p1_0.categoria,
        p1_0.dificultad,
        p1_0.estado,
        p1_0.op1,
        p1_0.op2,
        p1_0.op3,
        p1_0.op4,
        p1_0.pregunta,
        p1_0.respuesta 
    from
        pregunta p1_0 
    where
        p1_0.pregunta=?
Hibernate: 
    select
        p1_0.id_pregunta,
        p1_0.categoria,
        p1_0.dificultad,
        p1_0.estado,
        p1_0.op1,
        p1_0.op2,
        p1_0.op3,
        p1_0.op4,
        p1_0.pregunta,
        p1_0.respuesta,
        h1_0.id_pregunta,
        h1_0.id,
        h1_0.ayudas,
        h1_0.fecha,
        h1_0.puntaje,
        h1_0.tiempo,
        h1_0.id_usuario 
    from
        pregunta p1_0 
    left join
        historial h1_0 
            on p1_0.id_pregunta=h1_0.id_pregunta 
    where
        p1_0.id_pregunta=?
Hibernate: 
    select
        p1_0.id_pregunta,
        p1_0.categoria,
        p1_0.dificultad,
        p1_0.estado,
        p1_0.op1,
        p1_0.op2,
        p1_0.op3,
        p1_0.op4,
        p1_0.pregunta,
        p1_0.respuesta 
    from
        pregunta p1_0 
    where
        p1_0.pregunta=?
Hibernate: 
    select
        p1_0.id_pregunta,
        p1_0.categoria,
        p1_0.dificultad,
        p1_0.estado,
        p1_0.op1,
        p1_0.op2,
        p1_0.op3,
        p1_0.op4,
        p1_0.pregunta,
        p1_0.respuesta,
        h1_0.id_pregunta,
        h1_0.id,
        h1_0.ayudas,
        h1_0.fecha,
        h1_0.puntaje,
        h1_0.tiempo,
        h1_0.id_usuario 
    from
        pregunta p1_0 
    left join
        historial h1_0 
            on p1_0.id_pregunta=h1_0.id_pregunta 
    where
        p1_0.id_pregunta=?
Hibernate: 
    select
        p1_0.id_pregunta,
        p1_0.categoria,
        p1_0.dificultad,
        p1_0.estado,
        p1_0.op1,
        p1_0.op2,
        p1_0.op3,
        p1_0.op4,
        p1_0.pregunta,
        p1_0.respuesta 
    from
        pregunta p1_0 
    where
        p1_0.pregunta=?
Hibernate: 
    select
        p1_0.id_pregunta,
        p1_0.categoria,
        p1_0.dificultad,
        p1_0.estado,
        p1_0.op1,
        p1_0.op2,
        p1_0.op3,
        p1_0.op4,
        p1_0.pregunta,
        p1_0.respuesta,
        h1_0.id_pregunta,
        h1_0.id,
        h1_0.ayudas,
        h1_0.fecha,
        h1_0.puntaje,
        h1_0.tiempo,
        h1_0.id_usuario 
    from
        pregunta p1_0 
    left join
        historial h1_0 
            on p1_0.id_pregunta=h1_0.id_pregunta 
    where
        p1_0.id_pregunta=?
Hibernate: 
    select
        p1_0.id_pregunta,
        p1_0.categoria,
        p1_0.dificultad,
        p1_0.estado,
        p1_0.op1,
        p1_0.op2,
        p1_0.op3,
        p1_0.op4,
        p1_0.pregunta,
        p1_0.respuesta 
    from
        pregunta p1_0 
    where
        p1_0.pregunta=?
Hibernate: 
    select
        p1_0.id_pregunta,
        p1_0.categoria,
        p1_0.dificultad,
        p1_0.estado,
        p1_0.op1,
        p1_0.op2,
        p1_0.op3,
        p1_0.op4,
        p1_0.pregunta,
        p1_0.respuesta,
        h1_0.id_pregunta,
        h1_0.id,
        h1_0.ayudas,
        h1_0.fecha,
        h1_0.puntaje,
        h1_0.tiempo,
        h1_0.id_usuario 
    from
        pregunta p1_0 
    left join
        historial h1_0 
            on p1_0.id_pregunta=h1_0.id_pregunta 
    where
        p1_0.id_pregunta=?
Hibernate: 
    select
        p1_0.id_pregunta,
        p1_0.categoria,
        p1_0.dificultad,
        p1_0.estado,
        p1_0.op1,
        p1_0.op2,
        p1_0.op3,
        p1_0.op4,
        p1_0.pregunta,
        p1_0.respuesta 
    from
        pregunta p1_0 
    where
        p1_0.pregunta=?
Hibernate: 
    select
        p1_0.id_pregunta,
        p1_0.categoria,
        p1_0.dificultad,
        p1_0.estado,
        p1_0.op1,
        p1_0.op2,
        p1_0.op3,
        p1_0.op4,
        p1_0.pregunta,
        p1_0.respuesta,
        h1_0.id_pregunta,
        h1_0.id,
        h1_0.ayudas,
        h1_0.fecha,
        h1_0.puntaje,
        h1_0.tiempo,
        h1_0.id_usuario 
    from
        pregunta p1_0 
    left join
        historial h1_0 
            on p1_0.id_pregunta=h1_0.id_pregunta 
    where
        p1_0.id_pregunta=?
Hibernate: 
    select
        p1_0.id_pregunta,
        p1_0.categoria,
        p1_0.dificultad,
        p1_0.estado,
        p1_0.op1,
        p1_0.op2,
        p1_0.op3,
        p1_0.op4,
        p1_0.pregunta,
        p1_0.respuesta 
    from
        pregunta p1_0 
    where
        p1_0.pregunta=?
Hibernate: 
    select
        p1_0.id_pregunta,
        p1_0.categoria,
        p1_0.dificultad,
        p1_0.estado,
        p1_0.op1,
        p1_0.op2,
        p1_0.op3,
        p1_0.op4,
        p1_0.pregunta,
        p1_0.respuesta,
        h1_0.id_pregunta,
        h1_0.id,
        h1_0.ayudas,
        h1_0.fecha,
        h1_0.puntaje,
        h1_0.tiempo,
        h1_0.id_usuario 
    from
        pregunta p1_0 
    left join
        historial h1_0 
            on p1_0.id_pregunta=h1_0.id_pregunta 
    where
        p1_0.id_pregunta=?
Hibernate: 
    select
        p1_0.id_pregunta,
        p1_0.categoria,
        p1_0.dificultad,
        p1_0.estado,
        p1_0.op1,
        p1_0.op2,
        p1_0.op3,
        p1_0.op4,
        p1_0.pregunta,
        p1_0.respuesta 
    from
        pregunta p1_0 
    where
        p1_0.pregunta=?
Hibernate: 
    select
        p1_0.id_pregunta,
        p1_0.categoria,
        p1_0.dificultad,
        p1_0.estado,
        p1_0.op1,
        p1_0.op2,
        p1_0.op3,
        p1_0.op4,
        p1_0.pregunta,
        p1_0.respuesta,
        h1_0.id_pregunta,
        h1_0.id,
        h1_0.ayudas,
        h1_0.fecha,
        h1_0.puntaje,
        h1_0.tiempo,
        h1_0.id_usuario 
    from
        pregunta p1_0 
    left join
        historial h1_0 
            on p1_0.id_pregunta=h1_0.id_pregunta 
    where
        p1_0.id_pregunta=?
Hibernate: 
    select
        p1_0.id_pregunta,
        p1_0.categoria,
        p1_0.dificultad,
        p1_0.estado,
        p1_0.op1,
        p1_0.op2,
        p1_0.op3,
        p1_0.op4,
        p1_0.pregunta,
        p1_0.respuesta 
    from
        pregunta p1_0 
    where
        p1_0.pregunta=?
Hibernate: 
    select
        p1_0.id_pregunta,
        p1_0.categoria,
        p1_0.dificultad,
        p1_0.estado,
        p1_0.op1,
        p1_0.op2,
        p1_0.op3,
        p1_0.op4,
        p1_0.pregunta,
        p1_0.respuesta,
        h1_0.id_pregunta,
        h1_0.id,
        h1_0.ayudas,
        h1_0.fecha,
        h1_0.puntaje,
        h1_0.tiempo,
        h1_0.id_usuario 
    from
        pregunta p1_0 
    left join
        historial h1_0 
            on p1_0.id_pregunta=h1_0.id_pregunta 
    where
        p1_0.id_pregunta=?
Hibernate: 
    select
        p1_0.id_pregunta,
        p1_0.categoria,
        p1_0.dificultad,
        p1_0.estado,
        p1_0.op1,
        p1_0.op2,
        p1_0.op3,
        p1_0.op4,
        p1_0.pregunta,
        p1_0.respuesta 
    from
        pregunta p1_0 
    where
        p1_0.pregunta=?
Hibernate: 
    select
        p1_0.id_pregunta,
        p1_0.categoria,
        p1_0.dificultad,
        p1_0.estado,
        p1_0.op1,
        p1_0.op2,
        p1_0.op3,
        p1_0.op4,
        p1_0.pregunta,
        p1_0.respuesta,
        h1_0.id_pregunta,
        h1_0.id,
        h1_0.ayudas,
        h1_0.fecha,
        h1_0.puntaje,
        h1_0.tiempo,
        h1_0.id_usuario 
    from
        pregunta p1_0 
    left join
        historial h1_0 
            on p1_0.id_pregunta=h1_0.id_pregunta 
    where
        p1_0.id_pregunta=?
Hibernate: 
    select
        p1_0.id_pregunta,
        p1_0.categoria,
        p1_0.dificultad,
        p1_0.estado,
        p1_0.op1,
        p1_0.op2,
        p1_0.op3,
        p1_0.op4,
        p1_0.pregunta,
        p1_0.respuesta 
    from
        pregunta p1_0 
    where
        p1_0.pregunta=?
Hibernate: 
    select
        p1_0.id_pregunta,
        p1_0.categoria,
        p1_0.dificultad,
        p1_0.estado,
        p1_0.op1,
        p1_0.op2,
        p1_0.op3,
        p1_0.op4,
        p1_0.pregunta,
        p1_0.respuesta,
        h1_0.id_pregunta,
        h1_0.id,
        h1_0.ayudas,
        h1_0.fecha,
        h1_0.puntaje,
        h1_0.tiempo,
        h1_0.id_usuario 
    from
        pregunta p1_0 
    left join
        historial h1_0 
            on p1_0.id_pregunta=h1_0.id_pregunta 
    where
        p1_0.id_pregunta=?
Hibernate: 
    select
        p1_0.id_pregunta,
        p1_0.categoria,
        p1_0.dificultad,
        p1_0.estado,
        p1_0.op1,
        p1_0.op2,
        p1_0.op3,
        p1_0.op4,
        p1_0.pregunta,
        p1_0.respuesta 
    from
        pregunta p1_0 
    where
        p1_0.pregunta=?
Hibernate: 
    select
        p1_0.id_pregunta,
        p1_0.categoria,
        p1_0.dificultad,
        p1_0.estado,
        p1_0.op1,
        p1_0.op2,
        p1_0.op3,
        p1_0.op4,
        p1_0.pregunta,
        p1_0.respuesta,
        h1_0.id_pregunta,
        h1_0.id,
        h1_0.ayudas,
        h1_0.fecha,
        h1_0.puntaje,
        h1_0.tiempo,
        h1_0.id_usuario 
    from
        pregunta p1_0 
    left join
        historial h1_0 
            on p1_0.id_pregunta=h1_0.id_pregunta 
    where
        p1_0.id_pregunta=?
Hibernate: 
    select
        p1_0.id_pregunta,
        p1_0.categoria,
        p1_0.dificultad,
        p1_0.estado,
        p1_0.op1,
        p1_0.op2,
        p1_0.op3,
        p1_0.op4,
        p1_0.pregunta,
        p1_0.respuesta 
    from
        pregunta p1_0 
    where
        p1_0.pregunta=?
Hibernate: 
    select
        p1_0.id_pregunta,
        p1_0.categoria,
        p1_0.dificultad,
        p1_0.estado,
        p1_0.op1,
        p1_0.op2,
        p1_0.op3,
        p1_0.op4,
        p1_0.pregunta,
        p1_0.respuesta,
        h1_0.id_pregunta,
        h1_0.id,
        h1_0.ayudas,
        h1_0.fecha,
        h1_0.puntaje,
        h1_0.tiempo,
        h1_0.id_usuario 
    from
        pregunta p1_0 
    left join
        historial h1_0 
            on p1_0.id_pregunta=h1_0.id_pregunta 
    where
        p1_0.id_pregunta=?
Hibernate: 
    select
        p1_0.id_pregunta,
        p1_0.categoria,
        p1_0.dificultad,
        p1_0.estado,
        p1_0.op1,
        p1_0.op2,
        p1_0.op3,
        p1_0.op4,
        p1_0.pregunta,
        p1_0.respuesta 
    from
        pregunta p1_0 
    where
        p1_0.pregunta=?
Hibernate: 
    select
        p1_0.id_pregunta,
        p1_0.categoria,
        p1_0.dificultad,
        p1_0.estado,
        p1_0.op1,
        p1_0.op2,
        p1_0.op3,
        p1_0.op4,
        p1_0.pregunta,
        p1_0.respuesta,
        h1_0.id_pregunta,
        h1_0.id,
        h1_0.ayudas,
        h1_0.fecha,
        h1_0.puntaje,
        h1_0.tiempo,
        h1_0.id_usuario 
    from
        pregunta p1_0 
    left join
        historial h1_0 
            on p1_0.id_pregunta=h1_0.id_pregunta 
    where
        p1_0.id_pregunta=?
Hibernate: 
    select
        p1_0.id_pregunta,
        p1_0.categoria,
        p1_0.dificultad,
        p1_0.estado,
        p1_0.op1,
        p1_0.op2,
        p1_0.op3,
        p1_0.op4,
        p1_0.pregunta,
        p1_0.respuesta 
    from
        pregunta p1_0 
    where
        p1_0.pregunta=?
Hibernate: 
    select
        p1_0.id_pregunta,
        p1_0.categoria,
        p1_0.dificultad,
        p1_0.estado,
        p1_0.op1,
        p1_0.op2,
        p1_0.op3,
        p1_0.op4,
        p1_0.pregunta,
        p1_0.respuesta,
        h1_0.id_pregunta,
        h1_0.id,
        h1_0.ayudas,
        h1_0.fecha,
        h1_0.puntaje,
        h1_0.tiempo,
        h1_0.id_usuario 
    from
        pregunta p1_0 
    left join
        historial h1_0 
            on p1_0.id_pregunta=h1_0.id_pregunta 
    where
        p1_0.id_pregunta=?
Hibernate: 
    select
        p1_0.id_pregunta,
        p1_0.categoria,
        p1_0.dificultad,
        p1_0.estado,
        p1_0.op1,
        p1_0.op2,
        p1_0.op3,
        p1_0.op4,
        p1_0.pregunta,
        p1_0.respuesta 
    from
        pregunta p1_0 
    where
        p1_0.pregunta=?
Hibernate: 
    select
        p1_0.id_pregunta,
        p1_0.categoria,
        p1_0.dificultad,
        p1_0.estado,
        p1_0.op1,
        p1_0.op2,
        p1_0.op3,
        p1_0.op4,
        p1_0.pregunta,
        p1_0.respuesta,
        h1_0.id_pregunta,
        h1_0.id,
        h1_0.ayudas,
        h1_0.fecha,
        h1_0.puntaje,
        h1_0.tiempo,
        h1_0.id_usuario 
    from
        pregunta p1_0 
    left join
        historial h1_0 
            on p1_0.id_pregunta=h1_0.id_pregunta 
    where
        p1_0.id_pregunta=?
Hibernate: 
    select
        p1_0.id_pregunta,
        p1_0.categoria,
        p1_0.dificultad,
        p1_0.estado,
        p1_0.op1,
        p1_0.op2,
        p1_0.op3,
        p1_0.op4,
        p1_0.pregunta,
        p1_0.respuesta 
    from
        pregunta p1_0 
    where
        p1_0.pregunta=?
Hibernate: 
    select
        p1_0.id_pregunta,
        p1_0.categoria,
        p1_0.dificultad,
        p1_0.estado,
        p1_0.op1,
        p1_0.op2,
        p1_0.op3,
        p1_0.op4,
        p1_0.pregunta,
        p1_0.respuesta,
        h1_0.id_pregunta,
        h1_0.id,
        h1_0.ayudas,
        h1_0.fecha,
        h1_0.puntaje,
        h1_0.tiempo,
        h1_0.id_usuario 
    from
        pregunta p1_0 
    left join
        historial h1_0 
            on p1_0.id_pregunta=h1_0.id_pregunta 
    where
        p1_0.id_pregunta=?
Hibernate: 
    select
        p1_0.id_pregunta,
        p1_0.categoria,
        p1_0.dificultad,
        p1_0.estado,
        p1_0.op1,
        p1_0.op2,
        p1_0.op3,
        p1_0.op4,
        p1_0.pregunta,
        p1_0.respuesta 
    from
        pregunta p1_0 
    where
        p1_0.pregunta=?
Hibernate: 
    select
        p1_0.id_pregunta,
        p1_0.categoria,
        p1_0.dificultad,
        p1_0.estado,
        p1_0.op1,
        p1_0.op2,
        p1_0.op3,
        p1_0.op4,
        p1_0.pregunta,
        p1_0.respuesta,
        h1_0.id_pregunta,
        h1_0.id,
        h1_0.ayudas,
        h1_0.fecha,
        h1_0.puntaje,
        h1_0.tiempo,
        h1_0.id_usuario 
    from
        pregunta p1_0 
    left join
        historial h1_0 
            on p1_0.id_pregunta=h1_0.id_pregunta 
    where
        p1_0.id_pregunta=?
Hibernate: 
    select
        p1_0.id_pregunta,
        p1_0.categoria,
        p1_0.dificultad,
        p1_0.estado,
        p1_0.op1,
        p1_0.op2,
        p1_0.op3,
        p1_0.op4,
        p1_0.pregunta,
        p1_0.respuesta 
    from
        pregunta p1_0 
    where
        p1_0.pregunta=?
Hibernate: 
    select
        p1_0.id_pregunta,
        p1_0.categoria,
        p1_0.dificultad,
        p1_0.estado,
        p1_0.op1,
        p1_0.op2,
        p1_0.op3,
        p1_0.op4,
        p1_0.pregunta,
        p1_0.respuesta,
        h1_0.id_pregunta,
        h1_0.id,
        h1_0.ayudas,
        h1_0.fecha,
        h1_0.puntaje,
        h1_0.tiempo,
        h1_0.id_usuario 
    from
        pregunta p1_0 
    left join
        historial h1_0 
            on p1_0.id_pregunta=h1_0.id_pregunta 
    where
        p1_0.id_pregunta=?
Hibernate: 
    select
        p1_0.id_pregunta,
        p1_0.categoria,
        p1_0.dificultad,
        p1_0.estado,
        p1_0.op1,
        p1_0.op2,
        p1_0.op3,
        p1_0.op4,
        p1_0.pregunta,
        p1_0.respuesta 
    from
        pregunta p1_0 
    where
        p1_0.pregunta=?
Hibernate: 
    select
        p1_0.id_pregunta,
        p1_0.categoria,
        p1_0.dificultad,
        p1_0.estado,
        p1_0.op1,
        p1_0.op2,
        p1_0.op3,
        p1_0.op4,
        p1_0.pregunta,
        p1_0.respuesta,
        h1_0.id_pregunta,
        h1_0.id,
        h1_0.ayudas,
        h1_0.fecha,
        h1_0.puntaje,
        h1_0.tiempo,
        h1_0.id_usuario 
    from
        pregunta p1_0 
    left join
        historial h1_0 
            on p1_0.id_pregunta=h1_0.id_pregunta 
    where
        p1_0.id_pregunta=?
Hibernate: 
    select
        p1_0.id_pregunta,
        p1_0.categoria,
        p1_0.dificultad,
        p1_0.estado,
        p1_0.op1,
        p1_0.op2,
        p1_0.op3,
        p1_0.op4,
        p1_0.pregunta,
        p1_0.respuesta 
    from
        pregunta p1_0 
    where
        p1_0.pregunta=?
Hibernate: 
    select
        p1_0.id_pregunta,
        p1_0.categoria,
        p1_0.dificultad,
        p1_0.estado,
        p1_0.op1,
        p1_0.op2,
        p1_0.op3,
        p1_0.op4,
        p1_0.pregunta,
        p1_0.respuesta,
        h1_0.id_pregunta,
        h1_0.id,
        h1_0.ayudas,
        h1_0.fecha,
        h1_0.puntaje,
        h1_0.tiempo,
        h1_0.id_usuario 
    from
        pregunta p1_0 
    left join
        historial h1_0 
            on p1_0.id_pregunta=h1_0.id_pregunta 
    where
        p1_0.id_pregunta=?
Hibernate: 
    select
        p1_0.id_pregunta,
        p1_0.categoria,
        p1_0.dificultad,
        p1_0.estado,
        p1_0.op1,
        p1_0.op2,
        p1_0.op3,
        p1_0.op4,
        p1_0.pregunta,
        p1_0.respuesta 
    from
        pregunta p1_0 
    where
        p1_0.pregunta=?
Hibernate: 
    select
        p1_0.id_pregunta,
        p1_0.categoria,
        p1_0.dificultad,
        p1_0.estado,
        p1_0.op1,
        p1_0.op2,
        p1_0.op3,
        p1_0.op4,
        p1_0.pregunta,
        p1_0.respuesta,
        h1_0.id_pregunta,
        h1_0.id,
        h1_0.ayudas,
        h1_0.fecha,
        h1_0.puntaje,
        h1_0.tiempo,
        h1_0.id_usuario 
    from
        pregunta p1_0 
    left join
        historial h1_0 
            on p1_0.id_pregunta=h1_0.id_pregunta 
    where
        p1_0.id_pregunta=?
Hibernate: 
    select
        p1_0.id_pregunta,
        p1_0.categoria,
        p1_0.dificultad,
        p1_0.estado,
        p1_0.op1,
        p1_0.op2,
        p1_0.op3,
        p1_0.op4,
        p1_0.pregunta,
        p1_0.respuesta 
    from
        pregunta p1_0 
    where
        p1_0.pregunta=?
Hibernate: 
    select
        p1_0.id_pregunta,
        p1_0.categoria,
        p1_0.dificultad,
        p1_0.estado,
        p1_0.op1,
        p1_0.op2,
        p1_0.op3,
        p1_0.op4,
        p1_0.pregunta,
        p1_0.respuesta,
        h1_0.id_pregunta,
        h1_0.id,
        h1_0.ayudas,
        h1_0.fecha,
        h1_0.puntaje,
        h1_0.tiempo,
        h1_0.id_usuario 
    from
        pregunta p1_0 
    left join
        historial h1_0 
            on p1_0.id_pregunta=h1_0.id_pregunta 
    where
        p1_0.id_pregunta=?
Hibernate: 
    select
        p1_0.id_pregunta,
        p1_0.categoria,
        p1_0.dificultad,
        p1_0.estado,
        p1_0.op1,
        p1_0.op2,
        p1_0.op3,
        p1_0.op4,
        p1_0.pregunta,
        p1_0.respuesta 
    from
        pregunta p1_0 
    where
        p1_0.pregunta=?
Hibernate: 
    select
        p1_0.id_pregunta,
        p1_0.categoria,
        p1_0.dificultad,
        p1_0.estado,
        p1_0.op1,
        p1_0.op2,
        p1_0.op3,
        p1_0.op4,
        p1_0.pregunta,
        p1_0.respuesta,
        h1_0.id_pregunta,
        h1_0.id,
        h1_0.ayudas,
        h1_0.fecha,
        h1_0.puntaje,
        h1_0.tiempo,
        h1_0.id_usuario 
    from
        pregunta p1_0 
    left join
        historial h1_0 
            on p1_0.id_pregunta=h1_0.id_pregunta 
    where
        p1_0.id_pregunta=?
Hibernate: 
    select
        p1_0.id_pregunta,
        p1_0.categoria,
        p1_0.dificultad,
        p1_0.estado,
        p1_0.op1,
        p1_0.op2,
        p1_0.op3,
        p1_0.op4,
        p1_0.pregunta,
        p1_0.respuesta 
    from
        pregunta p1_0 
    where
        p1_0.pregunta=?
Hibernate: 
    select
[...]
        p1_0.op4,
        p1_0.pregunta,
        p1_0.respuesta 
    from
        pregunta p1_0 
    where
        p1_0.pregunta=?
Hibernate: 
    select
        p1_0.id_pregunta,
        p1_0.categoria,
        p1_0.dificultad,
        p1_0.estado,
        p1_0.op1,
        p1_0.op2,
        p1_0.op3,
        p1_0.op4,
        p1_0.pregunta,
        p1_0.respuesta,
        h1_0.id_pregunta,
        h1_0.id,
        h1_0.ayudas,
        h1_0.fecha,
        h1_0.puntaje,
        h1_0.tiempo,
        h1_0.id_usuario 
    from
        pregunta p1_0 
    left join
        historial h1_0 
            on p1_0.id_pregunta=h1_0.id_pregunta 
    where
        p1_0.id_pregunta=?
Hibernate: 
    select
        p1_0.id_pregunta,
        p1_0.categoria,
        p1_0.dificultad,
        p1_0.estado,
        p1_0.op1,
        p1_0.op2,
        p1_0.op3,
        p1_0.op4,
        p1_0.pregunta,
        p1_0.respuesta 
    from
        pregunta p1_0 
    where
        p1_0.pregunta=?
Hibernate: 
    select
        p1_0.id_pregunta,
        p1_0.categoria,
        p1_0.dificultad,
        p1_0.estado,
        p1_0.op1,
        p1_0.op2,
        p1_0.op3,
        p1_0.op4,
        p1_0.pregunta,
        p1_0.respuesta,
        h1_0.id_pregunta,
        h1_0.id,
        h1_0.ayudas,
        h1_0.fecha,
        h1_0.puntaje,
        h1_0.tiempo,
        h1_0.id_usuario 
    from
        pregunta p1_0 
    left join
        historial h1_0 
            on p1_0.id_pregunta=h1_0.id_pregunta 
    where
        p1_0.id_pregunta=?
Hibernate: 
    select
        p1_0.id_pregunta,
        p1_0.categoria,
        p1_0.dificultad,
        p1_0.estado,
        p1_0.op1,
        p1_0.op2,
        p1_0.op3,
        p1_0.op4,
        p1_0.pregunta,
        p1_0.respuesta 
    from
        pregunta p1_0 
    where
        p1_0.pregunta=?
Hibernate: 
    select
        p1_0.id_pregunta,
        p1_0.categoria,
        p1_0.dificultad,
        p1_0.estado,
        p1_0.op1,
        p1_0.op2,
        p1_0.op3,
        p1_0.op4,
        p1_0.pregunta,
        p1_0.respuesta,
        h1_0.id_pregunta,
        h1_0.id,
        h1_0.ayudas,
        h1_0.fecha,
        h1_0.puntaje,
        h1_0.tiempo,
        h1_0.id_usuario 
    from
        pregunta p1_0 
    left join
        historial h1_0 
            on p1_0.id_pregunta=h1_0.id_pregunta 
    where
        p1_0.id_pregunta=?
Hibernate: 
    select
        p1_0.id_pregunta,
        p1_0.categoria,
        p1_0.dificultad,
        p1_0.estado,
        p1_0.op1,
        p1_0.op2,
        p1_0.op3,
        p1_0.op4,
        p1_0.pregunta,
        p1_0.respuesta 
    from
        pregunta p1_0 
    where
        p1_0.pregunta=?
Hibernate: 
    select
        p1_0.id_pregunta,
        p1_0.categoria,
        p1_0.dificultad,
        p1_0.estado,
        p1_0.op1,
        p1_0.op2,
        p1_0.op3,
        p1_0.op4,
        p1_0.pregunta,
        p1_0.respuesta,
        h1_0.id_pregunta,
        h1_0.id,
        h1_0.ayudas,
        h1_0.fecha,
        h1_0.puntaje,
        h1_0.tiempo,
        h1_0.id_usuario 
    from
        pregunta p1_0 
    left join
        historial h1_0 
            on p1_0.id_pregunta=h1_0.id_pregunta 
    where
        p1_0.id_pregunta=?
Hibernate: 
    select
        p1_0.id_pregunta,
        p1_0.categoria,
        p1_0.dificultad,
        p1_0.estado,
        p1_0.op1,
        p1_0.op2,
        p1_0.op3,
        p1_0.op4,
        p1_0.pregunta,
        p1_0.respuesta 
    from
        pregunta p1_0 
    where
        p1_0.pregunta=?
Hibernate: 
    select
        p1_0.id_pregunta,
        p1_0.categoria,
        p1_0.dificultad,
        p1_0.estado,
        p1_0.op1,
        p1_0.op2,
        p1_0.op3,
        p1_0.op4,
        p1_0.pregunta,
        p1_0.respuesta,
        h1_0.id_pregunta,
        h1_0.id,
        h1_0.ayudas,
        h1_0.fecha,
        h1_0.puntaje,
        h1_0.tiempo,
        h1_0.id_usuario 
    from
        pregunta p1_0 
    left join
        historial h1_0 
            on p1_0.id_pregunta=h1_0.id_pregunta 
    where
        p1_0.id_pregunta=?
Hibernate: 
    select
        p1_0.id_pregunta,
        p1_0.categoria,
        p1_0.dificultad,
        p1_0.estado,
        p1_0.op1,
        p1_0.op2,
        p1_0.op3,
        p1_0.op4,
        p1_0.pregunta,
        p1_0.respuesta 
    from
        pregunta p1_0 
    where
        p1_0.pregunta=?
Hibernate: 
    select
        p1_0.id_pregunta,
        p1_0.categoria,
        p1_0.dificultad,
        p1_0.estado,
        p1_0.op1,
        p1_0.op2,
        p1_0.op3,
        p1_0.op4,
        p1_0.pregunta,
        p1_0.respuesta,
        h1_0.id_pregunta,
        h1_0.id,
        h1_0.ayudas,
        h1_0.fecha,
        h1_0.puntaje,
        h1_0.tiempo,
        h1_0.id_usuario 
    from
        pregunta p1_0 
    left join
        historial h1_0 
            on p1_0.id_pregunta=h1_0.id_pregunta 
    where
        p1_0.id_pregunta=?
Hibernate: 
    select
        p1_0.id_pregunta,
        p1_0.categoria,
        p1_0.dificultad,
        p1_0.estado,
        p1_0.op1,
        p1_0.op2,
        p1_0.op3,
        p1_0.op4,
        p1_0.pregunta,
        p1_0.respuesta 
    from
        pregunta p1_0 
    where
        p1_0.pregunta=?
Hibernate: 
    select
        p1_0.id_pregunta,
        p1_0.categoria,
        p1_0.dificultad,
        p1_0.estado,
        p1_0.op1,
        p1_0.op2,
        p1_0.op3,
        p1_0.op4,
        p1_0.pregunta,
        p1_0.respuesta,
        h1_0.id_pregunta,
        h1_0.id,
        h1_0.ayudas,
        h1_0.fecha,
        h1_0.puntaje,
        h1_0.tiempo,
        h1_0.id_usuario 
    from
        pregunta p1_0 
    left join
        historial h1_0 
            on p1_0.id_pregunta=h1_0.id_pregunta 
    where
        p1_0.id_pregunta=?
Hibernate: 
    select
        p1_0.id_pregunta,
        p1_0.categoria,
        p1_0.dificultad,
        p1_0.estado,
        p1_0.op1,
        p1_0.op2,
        p1_0.op3,
        p1_0.op4,
        p1_0.pregunta,
        p1_0.respuesta 
    from
        pregunta p1_0 
    where
        p1_0.pregunta=?
Hibernate: 
    select
        p1_0.id_pregunta,
        p1_0.categoria,
        p1_0.dificultad,
        p1_0.estado,
        p1_0.op1,
        p1_0.op2,
        p1_0.op3,
        p1_0.op4,
        p1_0.pregunta,
        p1_0.respuesta,
        h1_0.id_pregunta,
        h1_0.id,
        h1_0.ayudas,
        h1_0.fecha,
        h1_0.puntaje,
        h1_0.tiempo,
        h1_0.id_usuario 
    from
        pregunta p1_0 
    left join
        historial h1_0 
            on p1_0.id_pregunta=h1_0.id_pregunta 
    where
        p1_0.id_pregunta=?
Hibernate: 
    select
        p1_0.id_pregunta,
        p1_0.categoria,
        p1_0.dificultad,
        p1_0.estado,
        p1_0.op1,
        p1_0.op2,
        p1_0.op3,
        p1_0.op4,
        p1_0.pregunta,
        p1_0.respuesta 
    from
        pregunta p1_0 
    where
        p1_0.pregunta=?
Hibernate: 
    select
        p1_0.id_pregunta,
        p1_0.categoria,
        p1_0.dificultad,
        p1_0.estado,
        p1_0.op1,
        p1_0.op2,
        p1_0.op3,
        p1_0.op4,
        p1_0.pregunta,
        p1_0.respuesta,
        h1_0.id_pregunta,
        h1_0.id,
        h1_0.ayudas,
        h1_0.fecha,
        h1_0.puntaje,
        h1_0.tiempo,
        h1_0.id_usuario 
    from
        pregunta p1_0 
    left join
        historial h1_0 
            on p1_0.id_pregunta=h1_0.id_pregunta 
    where
        p1_0.id_pregunta=?
Hibernate: 
    select
        p1_0.id_pregunta,
        p1_0.categoria,
        p1_0.dificultad,
        p1_0.estado,
        p1_0.op1,
        p1_0.op2,
        p1_0.op3,
        p1_0.op4,
        p1_0.pregunta,
        p1_0.respuesta 
    from
        pregunta p1_0 
    where
        p1_0.pregunta=?
Hibernate: 
    select
        p1_0.id_pregunta,
        p1_0.categoria,
        p1_0.dificultad,
        p1_0.estado,
        p1_0.op1,
        p1_0.op2,
        p1_0.op3,
        p1_0.op4,
        p1_0.pregunta,
        p1_0.respuesta,
        h1_0.id_pregunta,
        h1_0.id,
        h1_0.ayudas,
        h1_0.fecha,
        h1_0.puntaje,
        h1_0.tiempo,
        h1_0.id_usuario 
    from
        pregunta p1_0 
    left join
        historial h1_0 
            on p1_0.id_pregunta=h1_0.id_pregunta 
    where
        p1_0.id_pregunta=?
Hibernate: 
    select
        p1_0.id_pregunta,
        p1_0.categoria,
        p1_0.dificultad,
        p1_0.estado,
        p1_0.op1,
        p1_0.op2,
        p1_0.op3,
        p1_0.op4,
        p1_0.pregunta,
        p1_0.respuesta 
    from
        pregunta p1_0 
    where
        p1_0.pregunta=?
Hibernate: 
    select
        p1_0.id_pregunta,
        p1_0.categoria,
        p1_0.dificultad,
        p1_0.estado,
        p1_0.op1,
        p1_0.op2,
        p1_0.op3,
        p1_0.op4,
        p1_0.pregunta,
        p1_0.respuesta,
        h1_0.id_pregunta,
        h1_0.id,
        h1_0.ayudas,
        h1_0.fecha,
        h1_0.puntaje,
        h1_0.tiempo,
        h1_0.id_usuario 
    from
        pregunta p1_0 
    left join
        historial h1_0 
            on p1_0.id_pregunta=h1_0.id_pregunta 
    where
        p1_0.id_pregunta=?
Hibernate: 
    select
        p1_0.id_pregunta,
        p1_0.categoria,
        p1_0.dificultad,
        p1_0.estado,
        p1_0.op1,
        p1_0.op2,
        p1_0.op3,
        p1_0.op4,
        p1_0.pregunta,
        p1_0.respuesta 
    from
        pregunta p1_0 
    where
        p1_0.pregunta=?
Hibernate: 
    select
        p1_0.id_pregunta,
        p1_0.categoria,
        p1_0.dificultad,
        p1_0.estado,
        p1_0.op1,
        p1_0.op2,
        p1_0.op3,
        p1_0.op4,
        p1_0.pregunta,
        p1_0.respuesta,
        h1_0.id_pregunta,
        h1_0.id,
        h1_0.ayudas,
        h1_0.fecha,
        h1_0.puntaje,
        h1_0.tiempo,
        h1_0.id_usuario 
    from
        pregunta p1_0 
    left join
        historial h1_0 
            on p1_0.id_pregunta=h1_0.id_pregunta 
    where
        p1_0.id_pregunta=?
Hibernate: 
    select
        p1_0.id_pregunta,
        p1_0.categoria,
        p1_0.dificultad,
        p1_0.estado,
        p1_0.op1,
        p1_0.op2,
        p1_0.op3,
        p1_0.op4,
        p1_0.pregunta,
        p1_0.respuesta 
    from
        pregunta p1_0 
    where
        p1_0.pregunta=?
Hibernate: 
    select
        p1_0.id_pregunta,
        p1_0.categoria,
        p1_0.dificultad,
        p1_0.estado,
        p1_0.op1,
        p1_0.op2,
        p1_0.op3,
        p1_0.op4,
        p1_0.pregunta,
        p1_0.respuesta,
        h1_0.id_pregunta,
        h1_0.id,
        h1_0.ayudas,
        h1_0.fecha,
        h1_0.puntaje,
        h1_0.tiempo,
        h1_0.id_usuario 
    from
        pregunta p1_0 
    left join
        historial h1_0 
            on p1_0.id_pregunta=h1_0.id_pregunta 
    where
        p1_0.id_pregunta=?
Hibernate: 
    select
        p1_0.id_pregunta,
        p1_0.categoria,
        p1_0.dificultad,
        p1_0.estado,
        p1_0.op1,
        p1_0.op2,
        p1_0.op3,
        p1_0.op4,
        p1_0.pregunta,
        p1_0.respuesta 
    from
        pregunta p1_0 
    where
        p1_0.pregunta=?
Hibernate: 
    select
        p1_0.id_pregunta,
        p1_0.categoria,
        p1_0.dificultad,
        p1_0.estado,
        p1_0.op1,
        p1_0.op2,
        p1_0.op3,
        p1_0.op4,
        p1_0.pregunta,
        p1_0.respuesta,
        h1_0.id_pregunta,
        h1_0.id,
        h1_0.ayudas,
        h1_0.fecha,
        h1_0.puntaje,
        h1_0.tiempo,
        h1_0.id_usuario 
    from
        pregunta p1_0 
    left join
        historial h1_0 
            on p1_0.id_pregunta=h1_0.id_pregunta 
    where
        p1_0.id_pregunta=?
Hibernate: 
    select
        p1_0.id_pregunta,
        p1_0.categoria,
        p1_0.dificultad,
        p1_0.estado,
        p1_0.op1,
        p1_0.op2,
        p1_0.op3,
        p1_0.op4,
        p1_0.pregunta,
        p1_0.respuesta 
    from
        pregunta p1_0 
    where
        p1_0.pregunta=?
Hibernate: 
    select
        p1_0.id_pregunta,
        p1_0.categoria,
        p1_0.dificultad,
        p1_0.estado,
        p1_0.op1,
        p1_0.op2,
        p1_0.op3,
        p1_0.op4,
        p1_0.pregunta,
        p1_0.respuesta,
        h1_0.id_pregunta,
        h1_0.id,
        h1_0.ayudas,
        h1_0.fecha,
        h1_0.puntaje,
        h1_0.tiempo,
        h1_0.id_usuario 
    from
        pregunta p1_0 
    left join
        historial h1_0 
            on p1_0.id_pregunta=h1_0.id_pregunta 
    where
        p1_0.id_pregunta=?
Hibernate: 
    select
        p1_0.id_pregunta,
        p1_0.categoria,
        p1_0.dificultad,
        p1_0.estado,
        p1_0.op1,
        p1_0.op2,
        p1_0.op3,
        p1_0.op4,
        p1_0.pregunta,
        p1_0.respuesta 
    from
        pregunta p1_0 
    where
        p1_0.pregunta=?
Hibernate: 
    select
        p1_0.id_pregunta,
        p1_0.categoria,
        p1_0.dificultad,
        p1_0.estado,
        p1_0.op1,
        p1_0.op2,
        p1_0.op3,
        p1_0.op4,
        p1_0.pregunta,
        p1_0.respuesta,
        h1_0.id_pregunta,
        h1_0.id,
        h1_0.ayudas,
        h1_0.fecha,
        h1_0.puntaje,
        h1_0.tiempo,
        h1_0.id_usuario 
    from
        pregunta p1_0 
    left join
        historial h1_0 
            on p1_0.id_pregunta=h1_0.id_pregunta 
    where
        p1_0.id_pregunta=?
Hibernate: 
    select
        p1_0.id_pregunta,
        p1_0.categoria,
        p1_0.dificultad,
        p1_0.estado,
        p1_0.op1,
        p1_0.op2,
        p1_0.op3,
        p1_0.op4,
        p1_0.pregunta,
        p1_0.respuesta 
    from
        pregunta p1_0 
    where
        p1_0.pregunta=?
Hibernate: 
    select
        p1_0.id_pregunta,
        p1_0.categoria,
        p1_0.dificultad,
        p1_0.estado,
        p1_0.op1,
        p1_0.op2,
        p1_0.op3,
        p1_0.op4,
        p1_0.pregunta,
        p1_0.respuesta,
        h1_0.id_pregunta,
        h1_0.id,
        h1_0.ayudas,
        h1_0.fecha,
        h1_0.puntaje,
        h1_0.tiempo,
        h1_0.id_usuario 
    from
        pregunta p1_0 
    left join
        historial h1_0 
            on p1_0.id_pregunta=h1_0.id_pregunta 
    where
        p1_0.id_pregunta=?
Hibernate: 
    select
        p1_0.id_pregunta,
        p1_0.categoria,
        p1_0.dificultad,
        p1_0.estado,
        p1_0.op1,
        p1_0.op2,
        p1_0.op3,
        p1_0.op4,
        p1_0.pregunta,
        p1_0.respuesta 
    from
        pregunta p1_0 
    where
        p1_0.pregunta=?
Hibernate: 
    select
        p1_0.id_pregunta,
        p1_0.categoria,
        p1_0.dificultad,
        p1_0.estado,
        p1_0.op1,
        p1_0.op2,
        p1_0.op3,
        p1_0.op4,
        p1_0.pregunta,
        p1_0.respuesta,
        h1_0.id_pregunta,
        h1_0.id,
        h1_0.ayudas,
        h1_0.fecha,
        h1_0.puntaje,
        h1_0.tiempo,
        h1_0.id_usuario 
    from
        pregunta p1_0 
    left join
        historial h1_0 
            on p1_0.id_pregunta=h1_0.id_pregunta 
    where
        p1_0.id_pregunta=?
Hibernate: 
    select
        p1_0.id_pregunta,
        p1_0.categoria,
        p1_0.dificultad,
        p1_0.estado,
        p1_0.op1,
        p1_0.op2,
        p1_0.op3,
        p1_0.op4,
        p1_0.pregunta,
        p1_0.respuesta 
    from
        pregunta p1_0 
    where
        p1_0.pregunta=?
Hibernate: 
    select
        p1_0.id_pregunta,
        p1_0.categoria,
        p1_0.dificultad,
        p1_0.estado,
        p1_0.op1,
        p1_0.op2,
        p1_0.op3,
        p1_0.op4,
        p1_0.pregunta,
        p1_0.respuesta,
        h1_0.id_pregunta,
        h1_0.id,
        h1_0.ayudas,
        h1_0.fecha,
        h1_0.puntaje,
        h1_0.tiempo,
        h1_0.id_usuario 
    from
        pregunta p1_0 
    left join
        historial h1_0 
            on p1_0.id_pregunta=h1_0.id_pregunta 
    where
        p1_0.id_pregunta=?
Hibernate: 
    select
        p1_0.id_pregunta,
        p1_0.categoria,
        p1_0.dificultad,
        p1_0.estado,
        p1_0.op1,
        p1_0.op2,
        p1_0.op3,
        p1_0.op4,
        p1_0.pregunta,
        p1_0.respuesta 
    from
        pregunta p1_0 
    where
        p1_0.pregunta=?
Hibernate: 
    select
        p1_0.id_pregunta,
        p1_0.categoria,
        p1_0.dificultad,
        p1_0.estado,
        p1_0.op1,
        p1_0.op2,
        p1_0.op3,
        p1_0.op4,
        p1_0.pregunta,
        p1_0.respuesta,
        h1_0.id_pregunta,
        h1_0.id,
        h1_0.ayudas,
        h1_0.fecha,
        h1_0.puntaje,
        h1_0.tiempo,
        h1_0.id_usuario 
    from
        pregunta p1_0 
    left join
        historial h1_0 
            on p1_0.id_pregunta=h1_0.id_pregunta 
    where
        p1_0.id_pregunta=?
Hibernate: 
    select
        p1_0.id_pregunta,
        p1_0.categoria,
        p1_0.dificultad,
        p1_0.estado,
        p1_0.op1,
        p1_0.op2,
        p1_0.op3,
        p1_0.op4,
        p1_0.pregunta,
        p1_0.respuesta 
    from
        pregunta p1_0 
    where
        p1_0.pregunta=?
Hibernate: 
    select
        p1_0.id_pregunta,
        p1_0.categoria,
        p1_0.dificultad,
        p1_0.estado,
        p1_0.op1,
        p1_0.op2,
        p1_0.op3,
        p1_0.op4,
        p1_0.pregunta,
        p1_0.respuesta,
        h1_0.id_pregunta,
        h1_0.id,
        h1_0.ayudas,
        h1_0.fecha,
        h1_0.puntaje,
        h1_0.tiempo,
        h1_0.id_usuario 
    from
        pregunta p1_0 
    left join
        historial h1_0 
            on p1_0.id_pregunta=h1_0.id_pregunta 
    where
        p1_0.id_pregunta=?
Hibernate: 
    select
        p1_0.id_pregunta,
        p1_0.categoria,
        p1_0.dificultad,
        p1_0.estado,
        p1_0.op1,
        p1_0.op2,
        p1_0.op3,
        p1_0.op4,
        p1_0.pregunta,
        p1_0.respuesta 
    from
        pregunta p1_0 
    where
        p1_0.pregunta=?
Hibernate: 
    select
        p1_0.id_pregunta,
        p1_0.categoria,
        p1_0.dificultad,
        p1_0.estado,
        p1_0.op1,
        p1_0.op2,
        p1_0.op3,
        p1_0.op4,
        p1_0.pregunta,
        p1_0.respuesta,
        h1_0.id_pregunta,
        h1_0.id,
        h1_0.ayudas,
        h1_0.fecha,
        h1_0.puntaje,
        h1_0.tiempo,
        h1_0.id_usuario 
    from
        pregunta p1_0 
    left join
        historial h1_0 
            on p1_0.id_pregunta=h1_0.id_pregunta 
    where
        p1_0.id_pregunta=?
2024-11-11T17:27:23.146-05:00  WARN 12900 --- [           main] JpaBaseConfiguration$JpaWebConfiguration : spring.jpa.open-in-view is enabled by default. Therefore, database queries may be performed during view rendering. Explicitly configure spring.jpa.open-in-view to disable this warning
2024-11-11T17:27:26.111-05:00  INFO 12900 --- [           main] c.e.b.BackendproduccionApplicationTests  : Started BackendproduccionApplicationTests in 17.296 seconds (process running for 19.348)
]]></system-out>
    <system-err><![CDATA[SLF4J(W): Class path contains multiple SLF4J providers.
SLF4J(W): Found provider [ch.qos.logback.classic.spi.LogbackServiceProvider@fa4c865]
SLF4J(W): Found provider [org.apache.logging.slf4j.SLF4JServiceProvider@3bd82cf5]
SLF4J(W): See https://www.slf4j.org/codes.html#multiple_bindings for an explanation.
SLF4J(I): Actual provider is of type [ch.qos.logback.classic.spi.LogbackServiceProvider@fa4c865]
WARNING: A Java agent has been loaded dynamically (C:\Users\r 3\.m2\repository\net\bytebuddy\byte-buddy-agent\1.14.19\byte-buddy-agent-1.14.19.jar)
WARNING: If a serviceability tool is in use, please run with -XX:+EnableDynamicAgentLoading to hide this warning
WARNING: If a serviceability tool is not in use, please run with -Djdk.instrument.traceUsage for more information
WARNING: Dynamic loading of agents will be disallowed by default in a future release
]]></system-err>
  </testcase>
</testsuite>