<?xml version="1.0" encoding="UTF-8"?>
<testsuite xmlns:xsi="http://www.w3.org/2001/XMLSchema-instance" xsi:noNamespaceSchemaLocation="https://maven.apache.org/surefire/maven-surefire-plugin/xsd/surefire-test-report-3.0.xsd" version="3.0" name="com.example.backendproduccion.BackendproduccionApplicationTests" time="87.535" tests="1" errors="0" skipped="0" failures="0">
  <properties>
[...]
</properties>
  <testcase name="contextLoads" classname="com.example.backendproduccion.BackendproduccionApplicationTests" time="1.097">
    <system-out><![CDATA[10:58:26.814 [main] INFO org.springframework.test.context.support.AnnotationConfigContextLoaderUtils -- Could not detect default configuration classes for test class [com.example.backendproduccion.BackendproduccionApplicationTests]: BackendproduccionApplicationTests does not declare any static, non-private, non-final, nested classes annotated with @Configuration.
10:58:27.064 [main] INFO org.springframework.boot.test.context.SpringBootTestContextBootstrapper -- Found @SpringBootConfiguration com.example.backendproduccion.BackendproduccionApplication for test class com.example.backendproduccion.BackendproduccionApplicationTests

  .   ____          _            __ _ _
 /\\ / ___'_ __ _ _(_)_ __  __ _ \ \ \ \
( ( )\___ | '_ | '_| | '_ \/ _` | \ \ \ \
 \\/  ___)| |_)| | | | | || (_| |  ) ) ) )
  '  |____| .__|_| |_|_| |_\__, | / / / /
 =========|_|==============|___/=/_/_/_/

 :: Spring Boot ::                (v3.3.5)

2024-11-12T10:58:27.938-05:00  INFO 11832 --- [BackendproduccionApplication] [           main] c.e.b.BackendproduccionApplicationTests  : Starting BackendproduccionApplicationTests using Java 21.0.2 with PID 11832 (started by r 3 in C:\Users\r 3\Desktop\backendproduccion)
2024-11-12T10:58:27.941-05:00  INFO 11832 --- [BackendproduccionApplication] [           main] c.e.b.BackendproduccionApplicationTests  : No active profile set, falling back to 1 default profile: "default"
2024-11-12T10:58:29.868-05:00  INFO 11832 --- [BackendproduccionApplication] [           main] .s.d.r.c.RepositoryConfigurationDelegate : Bootstrapping Spring Data JPA repositories in DEFAULT mode.
2024-11-12T10:58:30.044-05:00  INFO 11832 --- [BackendproduccionApplication] [           main] .s.d.r.c.RepositoryConfigurationDelegate : Finished Spring Data repository scanning in 150 ms. Found 3 JPA repository interfaces.
2024-11-12T10:58:31.310-05:00  INFO 11832 --- [BackendproduccionApplication] [           main] o.hibernate.jpa.internal.util.LogHelper  : HHH000204: Processing PersistenceUnitInfo [name: default]
2024-11-12T10:58:31.510-05:00  INFO 11832 --- [BackendproduccionApplication] [           main] org.hibernate.Version                    : HHH000412: Hibernate ORM core version 6.5.3.Final
2024-11-12T10:58:31.630-05:00  INFO 11832 --- [BackendproduccionApplication] [           main] o.h.c.internal.RegionFactoryInitiator    : HHH000026: Second-level cache disabled
2024-11-12T10:58:32.514-05:00  INFO 11832 --- [BackendproduccionApplication] [           main] o.s.o.j.p.SpringPersistenceUnitInfo      : No LoadTimeWeaver setup: ignoring JPA class transformer
2024-11-12T10:58:32.592-05:00  INFO 11832 --- [BackendproduccionApplication] [           main] com.zaxxer.hikari.HikariDataSource       : HikariPool-1 - Starting...
2024-11-12T10:58:34.729-05:00  INFO 11832 --- [BackendproduccionApplication] [           main] com.zaxxer.hikari.pool.HikariPool        : HikariPool-1 - Added connection org.postgresql.jdbc.PgConnection@5403431a
2024-11-12T10:58:34.731-05:00  INFO 11832 --- [BackendproduccionApplication] [           main] com.zaxxer.hikari.HikariDataSource       : HikariPool-1 - Start completed.
2024-11-12T10:58:35.329-05:00  WARN 11832 --- [BackendproduccionApplication] [           main] org.hibernate.orm.deprecation            : HHH90000025: PostgreSQLDialect does not need to be specified explicitly using 'hibernate.dialect' (remove the property setting and it will be selected by default)
2024-11-12T10:58:37.080-05:00  INFO 11832 --- [BackendproduccionApplication] [           main] o.h.e.t.j.p.i.JtaPlatformInitiator       : HHH000489: No JTA platform available (set 'hibernate.transaction.jta.platform' to enable JTA platform integration)
Hibernate: alter table if exists historial drop constraint if exists FKit14jawn9lfhtxvwwu711lcvb
Hibernate: alter table if exists historial drop constraint if exists FKeedo6qxv5od6tahr3iwwdlhdg
Hibernate: drop table if exists historial cascade
Hibernate: drop table if exists pregunta cascade
Hibernate: drop table if exists usuario cascade
Hibernate: create table historial (ayudas integer, puntaje integer, tiempo integer, id bigint generated by default as identity, id_pregunta bigint not null, id_usuario bigint not null, fecha varchar(255), primary key (id))
Hibernate: create table pregunta (estado boolean, id_pregunta bigint generated by default as identity, categoria varchar(255), dificultad varchar(255), op1 varchar(255), op2 varchar(255), op3 varchar(255), op4 varchar(255), pregunta varchar(255), respuesta varchar(255), primary key (id_pregunta))
Hibernate: create table usuario (id bigint generated by default as identity, email varchar(255), logro1 varchar(255), logro2 varchar(255), logro3 varchar(255), logro4 varchar(255), logro5 varchar(255), nivel varchar(255), password varchar(255), username varchar(255) unique, primary key (id))
Hibernate: alter table if exists historial add constraint FKit14jawn9lfhtxvwwu711lcvb foreign key (id_pregunta) references pregunta
Hibernate: alter table if exists historial add constraint FKeedo6qxv5od6tahr3iwwdlhdg foreign key (id_usuario) references usuario
2024-11-12T10:58:38.974-05:00  INFO 11832 --- [BackendproduccionApplication] [           main] j.LocalContainerEntityManagerFactoryBean : Initialized JPA EntityManagerFactory for persistence unit 'default'
2024-11-12T10:58:39.705-05:00  INFO 11832 --- [BackendproduccionApplication] [           main] o.s.d.j.r.query.QueryEnhancerFactory     : Hibernate is in classpath; If applicable, HQL parser will be used.
Hibernate: select p1_0.id_pregunta,p1_0.categoria,p1_0.dificultad,p1_0.estado,p1_0.op1,p1_0.op2,p1_0.op3,p1_0.op4,p1_0.pregunta,p1_0.respuesta from pregunta p1_0 where p1_0.pregunta=?
Hibernate: insert into pregunta (categoria,dificultad,estado,op1,op2,op3,op4,pregunta,respuesta) values (?,?,?,?,?,?,?,?,?) returning id_pregunta
Hibernate: select p1_0.id_pregunta,p1_0.categoria,p1_0.dificultad,p1_0.estado,p1_0.op1,p1_0.op2,p1_0.op3,p1_0.op4,p1_0.pregunta,p1_0.respuesta from pregunta p1_0 where p1_0.pregunta=?
Hibernate: insert into pregunta (categoria,dificultad,estado,op1,op2,op3,op4,pregunta,respuesta) values (?,?,?,?,?,?,?,?,?) returning id_pregunta
Hibernate: select p1_0.id_pregunta,p1_0.categoria,p1_0.dificultad,p1_0.estado,p1_0.op1,p1_0.op2,p1_0.op3,p1_0.op4,p1_0.pregunta,p1_0.respuesta from pregunta p1_0 where p1_0.pregunta=?
Hibernate: insert into pregunta (categoria,dificultad,estado,op1,op2,op3,op4,pregunta,respuesta) values (?,?,?,?,?,?,?,?,?) returning id_pregunta
Hibernate: select p1_0.id_pregunta,p1_0.categoria,p1_0.dificultad,p1_0.estado,p1_0.op1,p1_0.op2,p1_0.op3,p1_0.op4,p1_0.pregunta,p1_0.respuesta from pregunta p1_0 where p1_0.pregunta=?
Hibernate: insert into pregunta (categoria,dificultad,estado,op1,op2,op3,op4,pregunta,respuesta) values (?,?,?,?,?,?,?,?,?) returning id_pregunta
Hibernate: select p1_0.id_pregunta,p1_0.categoria,p1_0.dificultad,p1_0.estado,p1_0.op1,p1_0.op2,p1_0.op3,p1_0.op4,p1_0.pregunta,p1_0.respuesta from pregunta p1_0 where p1_0.pregunta=?
Hibernate: insert into pregunta (categoria,dificultad,estado,op1,op2,op3,op4,pregunta,respuesta) values (?,?,?,?,?,?,?,?,?) returning id_pregunta
Hibernate: select p1_0.id_pregunta,p1_0.categoria,p1_0.dificultad,p1_0.estado,p1_0.op1,p1_0.op2,p1_0.op3,p1_0.op4,p1_0.pregunta,p1_0.respuesta from pregunta p1_0 where p1_0.pregunta=?
Hibernate: insert into pregunta (categoria,dificultad,estado,op1,op2,op3,op4,pregunta,respuesta) values (?,?,?,?,?,?,?,?,?) returning id_pregunta
Hibernate: select p1_0.id_pregunta,p1_0.categoria,p1_0.dificultad,p1_0.estado,p1_0.op1,p1_0.op2,p1_0.op3,p1_0.op4,p1_0.pregunta,p1_0.respuesta from pregunta p1_0 where p1_0.pregunta=?
Hibernate: insert into pregunta (categoria,dificultad,estado,op1,op2,op3,op4,pregunta,respuesta) values (?,?,?,?,?,?,?,?,?) returning id_pregunta
Hibernate: select p1_0.id_pregunta,p1_0.categoria,p1_0.dificultad,p1_0.estado,p1_0.op1,p1_0.op2,p1_0.op3,p1_0.op4,p1_0.pregunta,p1_0.respuesta from pregunta p1_0 where p1_0.pregunta=?
Hibernate: insert into pregunta (categoria,dificultad,estado,op1,op2,op3,op4,pregunta,respuesta) values (?,?,?,?,?,?,?,?,?) returning id_pregunta
Hibernate: select p1_0.id_pregunta,p1_0.categoria,p1_0.dificultad,p1_0.estado,p1_0.op1,p1_0.op2,p1_0.op3,p1_0.op4,p1_0.pregunta,p1_0.respuesta from pregunta p1_0 where p1_0.pregunta=?
Hibernate: insert into pregunta (categoria,dificultad,estado,op1,op2,op3,op4,pregunta,respuesta) values (?,?,?,?,?,?,?,?,?) returning id_pregunta
Hibernate: select p1_0.id_pregunta,p1_0.categoria,p1_0.dificultad,p1_0.estado,p1_0.op1,p1_0.op2,p1_0.op3,p1_0.op4,p1_0.pregunta,p1_0.respuesta from pregunta p1_0 where p1_0.pregunta=?
Hibernate: insert into pregunta (categoria,dificultad,estado,op1,op2,op3,op4,pregunta,respuesta) values (?,?,?,?,?,?,?,?,?) returning id_pregunta
Hibernate: select p1_0.id_pregunta,p1_0.categoria,p1_0.dificultad,p1_0.estado,p1_0.op1,p1_0.op2,p1_0.op3,p1_0.op4,p1_0.pregunta,p1_0.respuesta from pregunta p1_0 where p1_0.pregunta=?
Hibernate: insert into pregunta (categoria,dificultad,estado,op1,op2,op3,op4,pregunta,respuesta) values (?,?,?,?,?,?,?,?,?) returning id_pregunta
Hibernate: select p1_0.id_pregunta,p1_0.categoria,p1_0.dificultad,p1_0.estado,p1_0.op1,p1_0.op2,p1_0.op3,p1_0.op4,p1_0.pregunta,p1_0.respuesta from pregunta p1_0 where p1_0.pregunta=?
Hibernate: insert into pregunta (categoria,dificultad,estado,op1,op2,op3,op4,pregunta,respuesta) values (?,?,?,?,?,?,?,?,?) returning id_pregunta
Hibernate: select p1_0.id_pregunta,p1_0.categoria,p1_0.dificultad,p1_0.estado,p1_0.op1,p1_0.op2,p1_0.op3,p1_0.op4,p1_0.pregunta,p1_0.respuesta from pregunta p1_0 where p1_0.pregunta=?
Hibernate: insert into pregunta (categoria,dificultad,estado,op1,op2,op3,op4,pregunta,respuesta) values (?,?,?,?,?,?,?,?,?) returning id_pregunta
Hibernate: select p1_0.id_pregunta,p1_0.categoria,p1_0.dificultad,p1_0.estado,p1_0.op1,p1_0.op2,p1_0.op3,p1_0.op4,p1_0.pregunta,p1_0.respuesta from pregunta p1_0 where p1_0.pregunta=?
Hibernate: insert into pregunta (categoria,dificultad,estado,op1,op2,op3,op4,pregunta,respuesta) values (?,?,?,?,?,?,?,?,?) returning id_pregunta
Hibernate: select p1_0.id_pregunta,p1_0.categoria,p1_0.dificultad,p1_0.estado,p1_0.op1,p1_0.op2,p1_0.op3,p1_0.op4,p1_0.pregunta,p1_0.respuesta from pregunta p1_0 where p1_0.pregunta=?
Hibernate: insert into pregunta (categoria,dificultad,estado,op1,op2,op3,op4,pregunta,respuesta) values (?,?,?,?,?,?,?,?,?) returning id_pregunta
Hibernate: select p1_0.id_pregunta,p1_0.categoria,p1_0.dificultad,p1_0.estado,p1_0.op1,p1_0.op2,p1_0.op3,p1_0.op4,p1_0.pregunta,p1_0.respuesta from pregunta p1_0 where p1_0.pregunta=?
Hibernate: insert into pregunta (categoria,dificultad,estado,op1,op2,op3,op4,pregunta,respuesta) values (?,?,?,?,?,?,?,?,?) returning id_pregunta
Hibernate: select p1_0.id_pregunta,p1_0.categoria,p1_0.dificultad,p1_0.estado,p1_0.op1,p1_0.op2,p1_0.op3,p1_0.op4,p1_0.pregunta,p1_0.respuesta from pregunta p1_0 where p1_0.pregunta=?
Hibernate: insert into pregunta (categoria,dificultad,estado,op1,op2,op3,op4,pregunta,respuesta) values (?,?,?,?,?,?,?,?,?) returning id_pregunta
Hibernate: select p1_0.id_pregunta,p1_0.categoria,p1_0.dificultad,p1_0.estado,p1_0.op1,p1_0.op2,p1_0.op3,p1_0.op4,p1_0.pregunta,p1_0.respuesta from pregunta p1_0 where p1_0.pregunta=?
Hibernate: insert into pregunta (categoria,dificultad,estado,op1,op2,op3,op4,pregunta,respuesta) values (?,?,?,?,?,?,?,?,?) returning id_pregunta
Hibernate: select p1_0.id_pregunta,p1_0.categoria,p1_0.dificultad,p1_0.estado,p1_0.op1,p1_0.op2,p1_0.op3,p1_0.op4,p1_0.pregunta,p1_0.respuesta from pregunta p1_0 where p1_0.pregunta=?
Hibernate: insert into pregunta (categoria,dificultad,estado,op1,op2,op3,op4,pregunta,respuesta) values (?,?,?,?,?,?,?,?,?) returning id_pregunta
Hibernate: select p1_0.id_pregunta,p1_0.categoria,p1_0.dificultad,p1_0.estado,p1_0.op1,p1_0.op2,p1_0.op3,p1_0.op4,p1_0.pregunta,p1_0.respuesta from pregunta p1_0 where p1_0.pregunta=?
Hibernate: insert into pregunta (categoria,dificultad,estado,op1,op2,op3,op4,pregunta,respuesta) values (?,?,?,?,?,?,?,?,?) returning id_pregunta
Hibernate: select p1_0.id_pregunta,p1_0.categoria,p1_0.dificultad,p1_0.estado,p1_0.op1,p1_0.op2,p1_0.op3,p1_0.op4,p1_0.pregunta,p1_0.respuesta from pregunta p1_0 where p1_0.pregunta=?
Hibernate: insert into pregunta (categoria,dificultad,estado,op1,op2,op3,op4,pregunta,respuesta) values (?,?,?,?,?,?,?,?,?) returning id_pregunta
Hibernate: select p1_0.id_pregunta,p1_0.categoria,p1_0.dificultad,p1_0.estado,p1_0.op1,p1_0.op2,p1_0.op3,p1_0.op4,p1_0.pregunta,p1_0.respuesta from pregunta p1_0 where p1_0.pregunta=?
Hibernate: insert into pregunta (categoria,dificultad,estado,op1,op2,op3,op4,pregunta,respuesta) values (?,?,?,?,?,?,?,?,?) returning id_pregunta
Hibernate: select p1_0.id_pregunta,p1_0.categoria,p1_0.dificultad,p1_0.estado,p1_0.op1,p1_0.op2,p1_0.op3,p1_0.op4,p1_0.pregunta,p1_0.respuesta from pregunta p1_0 where p1_0.pregunta=?
Hibernate: insert into pregunta (categoria,dificultad,estado,op1,op2,op3,op4,pregunta,respuesta) values (?,?,?,?,?,?,?,?,?) returning id_pregunta
Hibernate: select p1_0.id_pregunta,p1_0.categoria,p1_0.dificultad,p1_0.estado,p1_0.op1,p1_0.op2,p1_0.op3,p1_0.op4,p1_0.pregunta,p1_0.respuesta from pregunta p1_0 where p1_0.pregunta=?
Hibernate: insert into pregunta (categoria,dificultad,estado,op1,op2,op3,op4,pregunta,respuesta) values (?,?,?,?,?,?,?,?,?) returning id_pregunta
Hibernate: select p1_0.id_pregunta,p1_0.categoria,p1_0.dificultad,p1_0.estado,p1_0.op1,p1_0.op2,p1_0.op3,p1_0.op4,p1_0.pregunta,p1_0.respuesta from pregunta p1_0 where p1_0.pregunta=?
Hibernate: insert into pregunta (categoria,dificultad,estado,op1,op2,op3,op4,pregunta,respuesta) values (?,?,?,?,?,?,?,?,?) returning id_pregunta
Hibernate: select p1_0.id_pregunta,p1_0.categoria,p1_0.dificultad,p1_0.estado,p1_0.op1,p1_0.op2,p1_0.op3,p1_0.op4,p1_0.pregunta,p1_0.respuesta from pregunta p1_0 where p1_0.pregunta=?
Hibernate: insert into pregunta (categoria,dificultad,estado,op1,op2,op3,op4,pregunta,respuesta) values (?,?,?,?,?,?,?,?,?) returning id_pregunta
Hibernate: select p1_0.id_pregunta,p1_0.categoria,p1_0.dificultad,p1_0.estado,p1_0.op1,p1_0.op2,p1_0.op3,p1_0.op4,p1_0.pregunta,p1_0.respuesta from pregunta p1_0 where p1_0.pregunta=?
Hibernate: insert into pregunta (categoria,dificultad,estado,op1,op2,op3,op4,pregunta,respuesta) values (?,?,?,?,?,?,?,?,?) returning id_pregunta
Hibernate: select p1_0.id_pregunta,p1_0.categoria,p1_0.dificultad,p1_0.estado,p1_0.op1,p1_0.op2,p1_0.op3,p1_0.op4,p1_0.pregunta,p1_0.respuesta from pregunta p1_0 where p1_0.pregunta=?
Hibernate: insert into pregunta (categoria,dificultad,estado,op1,op2,op3,op4,pregunta,respuesta) values (?,?,?,?,?,?,?,?,?) returning id_pregunta
Hibernate: select p1_0.id_pregunta,p1_0.categoria,p1_0.dificultad,p1_0.estado,p1_0.op1,p1_0.op2,p1_0.op3,p1_0.op4,p1_0.pregunta,p1_0.respuesta from pregunta p1_0 where p1_0.pregunta=?
Hibernate: insert into pregunta (categoria,dificultad,estado,op1,op2,op3,op4,pregunta,respuesta) values (?,?,?,?,?,?,?,?,?) returning id_pregunta
Hibernate: select p1_0.id_pregunta,p1_0.categoria,p1_0.dificultad,p1_0.estado,p1_0.op1,p1_0.op2,p1_0.op3,p1_0.op4,p1_0.pregunta,p1_0.respuesta from pregunta p1_0 where p1_0.pregunta=?
Hibernate: insert into pregunta (categoria,dificultad,estado,op1,op2,op3,op4,pregunta,respuesta) values (?,?,?,?,?,?,?,?,?) returning id_pregunta
Hibernate: select p1_0.id_pregunta,p1_0.categoria,p1_0.dificultad,p1_0.estado,p1_0.op1,p1_0.op2,p1_0.op3,p1_0.op4,p1_0.pregunta,p1_0.respuesta from pregunta p1_0 where p1_0.pregunta=?
Hibernate: insert into pregunta (categoria,dificultad,estado,op1,op2,op3,op4,pregunta,respuesta) values (?,?,?,?,?,?,?,?,?) returning id_pregunta
Hibernate: select p1_0.id_pregunta,p1_0.categoria,p1_0.dificultad,p1_0.estado,p1_0.op1,p1_0.op2,p1_0.op3,p1_0.op4,p1_0.pregunta,p1_0.respuesta from pregunta p1_0 where p1_0.pregunta=?
Hibernate: insert into pregunta (categoria,dificultad,estado,op1,op2,op3,op4,pregunta,respuesta) values (?,?,?,?,?,?,?,?,?) returning id_pregunta
Hibernate: select p1_0.id_pregunta,p1_0.categoria,p1_0.dificultad,p1_0.estado,p1_0.op1,p1_0.op2,p1_0.op3,p1_0.op4,p1_0.pregunta,p1_0.respuesta from pregunta p1_0 where p1_0.pregunta=?
Hibernate: insert into pregunta (categoria,dificultad,estado,op1,op2,op3,op4,pregunta,respuesta) values (?,?,?,?,?,?,?,?,?) returning id_pregunta
Hibernate: select p1_0.id_pregunta,p1_0.categoria,p1_0.dificultad,p1_0.estado,p1_0.op1,p1_0.op2,p1_0.op3,p1_0.op4,p1_0.pregunta,p1_0.respuesta from pregunta p1_0 where p1_0.pregunta=?
Hibernate: insert into pregunta (categoria,dificultad,estado,op1,op2,op3,op4,pregunta,respuesta) values (?,?,?,?,?,?,?,?,?) returning id_pregunta
Hibernate: select p1_0.id_pregunta,p1_0.categoria,p1_0.dificultad,p1_0.estado,p1_0.op1,p1_0.op2,p1_0.op3,p1_0.op4,p1_0.pregunta,p1_0.respuesta from pregunta p1_0 where p1_0.pregunta=?
Hibernate: insert into pregunta (categoria,dificultad,estado,op1,op2,op3,op4,pregunta,respuesta) values (?,?,?,?,?,?,?,?,?) returning id_pregunta
Hibernate: select p1_0.id_pregunta,p1_0.categoria,p1_0.dificultad,p1_0.estado,p1_0.op1,p1_0.op2,p1_0.op3,p1_0.op4,p1_0.pregunta,p1_0.respuesta from pregunta p1_0 where p1_0.pregunta=?
Hibernate: insert into pregunta (categoria,dificultad,estado,op1,op2,op3,op4,pregunta,respuesta) values (?,?,?,?,?,?,?,?,?) returning id_pregunta
Hibernate: select p1_0.id_pregunta,p1_0.categoria,p1_0.dificultad,p1_0.estado,p1_0.op1,p1_0.op2,p1_0.op3,p1_0.op4,p1_0.pregunta,p1_0.respuesta from pregunta p1_0 where p1_0.pregunta=?
Hibernate: insert into pregunta (categoria,dificultad,estado,op1,op2,op3,op4,pregunta,respuesta) values (?,?,?,?,?,?,?,?,?) returning id_pregunta
Hibernate: select p1_0.id_pregunta,p1_0.categoria,p1_0.dificultad,p1_0.estado,p1_0.op1,p1_0.op2,p1_0.op3,p1_0.op4,p1_0.pregunta,p1_0.respuesta from pregunta p1_0 where p1_0.pregunta=?
Hibernate: insert into pregunta (categoria,dificultad,estado,op1,op2,op3,op4,pregunta,respuesta) values (?,?,?,?,?,?,?,?,?) returning id_pregunta
Hibernate: select p1_0.id_pregunta,p1_0.categoria,p1_0.dificultad,p1_0.estado,p1_0.op1,p1_0.op2,p1_0.op3,p1_0.op4,p1_0.pregunta,p1_0.respuesta from pregunta p1_0 where p1_0.pregunta=?
Hibernate: insert into pregunta (categoria,dificultad,estado,op1,op2,op3,op4,pregunta,respuesta) values (?,?,?,?,?,?,?,?,?) returning id_pregunta
Hibernate: select p1_0.id_pregunta,p1_0.categoria,p1_0.dificultad,p1_0.estado,p1_0.op1,p1_0.op2,p1_0.op3,p1_0.op4,p1_0.pregunta,p1_0.respuesta from pregunta p1_0 where p1_0.pregunta=?
Hibernate: insert into pregunta (categoria,dificultad,estado,op1,op2,op3,op4,pregunta,respuesta) values (?,?,?,?,?,?,?,?,?) returning id_pregunta
Hibernate: select p1_0.id_pregunta,p1_0.categoria,p1_0.dificultad,p1_0.estado,p1_0.op1,p1_0.op2,p1_0.op3,p1_0.op4,p1_0.pregunta,p1_0.respuesta from pregunta p1_0 where p1_0.pregunta=?
Hibernate: insert into pregunta (categoria,dificultad,estado,op1,op2,op3,op4,pregunta,respuesta) values (?,?,?,?,?,?,?,?,?) returning id_pregunta
Hibernate: select p1_0.id_pregunta,p1_0.categoria,p1_0.dificultad,p1_0.estado,p1_0.op1,p1_0.op2,p1_0.op3,p1_0.op4,p1_0.pregunta,p1_0.respuesta from pregunta p1_0 where p1_0.pregunta=?
Hibernate: insert into pregunta (categoria,dificultad,estado,op1,op2,op3,op4,pregunta,respuesta) values (?,?,?,?,?,?,?,?,?) returning id_pregunta
Hibernate: select p1_0.id_pregunta,p1_0.categoria,p1_0.dificultad,p1_0.estado,p1_0.op1,p1_0.op2,p1_0.op3,p1_0.op4,p1_0.pregunta,p1_0.respuesta from pregunta p1_0 where p1_0.pregunta=?
Hibernate: insert into pregunta (categoria,dificultad,estado,op1,op2,op3,op4,pregunta,respuesta) values (?,?,?,?,?,?,?,?,?) returning id_pregunta
Hibernate: select p1_0.id_pregunta,p1_0.categoria,p1_0.dificultad,p1_0.estado,p1_0.op1,p1_0.op2,p1_0.op3,p1_0.op4,p1_0.pregunta,p1_0.respuesta from pregunta p1_0 where p1_0.pregunta=?
Hibernate: insert into pregunta (categoria,dificultad,estado,op1,op2,op3,op4,pregunta,respuesta) values (?,?,?,?,?,?,?,?,?) returning id_pregunta
Hibernate: select p1_0.id_pregunta,p1_0.categoria,p1_0.dificultad,p1_0.estado,p1_0.op1,p1_0.op2,p1_0.op3,p1_0.op4,p1_0.pregunta,p1_0.respuesta from pregunta p1_0 where p1_0.pregunta=?
Hibernate: insert into pregunta (categoria,dificultad,estado,op1,op2,op3,op4,pregunta,respuesta) values (?,?,?,?,?,?,?,?,?) returning id_pregunta
Hibernate: select p1_0.id_pregunta,p1_0.categoria,p1_0.dificultad,p1_0.estado,p1_0.op1,p1_0.op2,p1_0.op3,p1_0.op4,p1_0.pregunta,p1_0.respuesta from pregunta p1_0 where p1_0.pregunta=?
Hibernate: insert into pregunta (categoria,dificultad,estado,op1,op2,op3,op4,pregunta,respuesta) values (?,?,?,?,?,?,?,?,?) returning id_pregunta
Hibernate: select p1_0.id_pregunta,p1_0.categoria,p1_0.dificultad,p1_0.estado,p1_0.op1,p1_0.op2,p1_0.op3,p1_0.op4,p1_0.pregunta,p1_0.respuesta from pregunta p1_0 where p1_0.pregunta=?
Hibernate: insert into pregunta (categoria,dificultad,estado,op1,op2,op3,op4,pregunta,respuesta) values (?,?,?,?,?,?,?,?,?) returning id_pregunta
Hibernate: select p1_0.id_pregunta,p1_0.categoria,p1_0.dificultad,p1_0.estado,p1_0.op1,p1_0.op2,p1_0.op3,p1_0.op4,p1_0.pregunta,p1_0.respuesta from pregunta p1_0 where p1_0.pregunta=?
Hibernate: insert into pregunta (categoria,dificultad,estado,op1,op2,op3,op4,pregunta,respuesta) values (?,?,?,?,?,?,?,?,?) returning id_pregunta
Hibernate: select p1_0.id_pregunta,p1_0.categoria,p1_0.dificultad,p1_0.estado,p1_0.op1,p1_0.op2,p1_0.op3,p1_0.op4,p1_0.pregunta,p1_0.respuesta from pregunta p1_0 where p1_0.pregunta=?
Hibernate: insert into pregunta (categoria,dificultad,estado,op1,op2,op3,op4,pregunta,respuesta) values (?,?,?,?,?,?,?,?,?) returning id_pregunta
Hibernate: select p1_0.id_pregunta,p1_0.categoria,p1_0.dificultad,p1_0.estado,p1_0.op1,p1_0.op2,p1_0.op3,p1_0.op4,p1_0.pregunta,p1_0.respuesta from pregunta p1_0 where p1_0.pregunta=?
Hibernate: insert into pregunta (categoria,dificultad,estado,op1,op2,op3,op4,pregunta,respuesta) values (?,?,?,?,?,?,?,?,?) returning id_pregunta
Hibernate: select p1_0.id_pregunta,p1_0.categoria,p1_0.dificultad,p1_0.estado,p1_0.op1,p1_0.op2,p1_0.op3,p1_0.op4,p1_0.pregunta,p1_0.respuesta from pregunta p1_0 where p1_0.pregunta=?
Hibernate: insert into pregunta (categoria,dificultad,estado,op1,op2,op3,op4,pregunta,respuesta) values (?,?,?,?,?,?,?,?,?) returning id_pregunta
Hibernate: select p1_0.id_pregunta,p1_0.categoria,p1_0.dificultad,p1_0.estado,p1_0.op1,p1_0.op2,p1_0.op3,p1_0.op4,p1_0.pregunta,p1_0.respuesta from pregunta p1_0 where p1_0.pregunta=?
Hibernate: insert into pregunta (categoria,dificultad,estado,op1,op2,op3,op4,pregunta,respuesta) values (?,?,?,?,?,?,?,?,?) returning id_pregunta
Hibernate: select p1_0.id_pregunta,p1_0.categoria,p1_0.dificultad,p1_0.estado,p1_0.op1,p1_0.op2,p1_0.op3,p1_0.op4,p1_0.pregunta,p1_0.respuesta from pregunta p1_0 where p1_0.pregunta=?
Hibernate: insert into pregunta (categoria,dificultad,estado,op1,op2,op3,op4,pregunta,respuesta) values (?,?,?,?,?,?,?,?,?) returning id_pregunta
Hibernate: select p1_0.id_pregunta,p1_0.categoria,p1_0.dificultad,p1_0.estado,p1_0.op1,p1_0.op2,p1_0.op3,p1_0.op4,p1_0.pregunta,p1_0.respuesta from pregunta p1_0 where p1_0.pregunta=?
Hibernate: insert into pregunta (categoria,dificultad,estado,op1,op2,op3,op4,pregunta,respuesta) values (?,?,?,?,?,?,?,?,?) returning id_pregunta
Hibernate: select p1_0.id_pregunta,p1_0.categoria,p1_0.dificultad,p1_0.estado,p1_0.op1,p1_0.op2,p1_0.op3,p1_0.op4,p1_0.pregunta,p1_0.respuesta from pregunta p1_0 where p1_0.pregunta=?
Hibernate: insert into pregunta (categoria,dificultad,estado,op1,op2,op3,op4,pregunta,respuesta) values (?,?,?,?,?,?,?,?,?) returning id_pregunta
Hibernate: select p1_0.id_pregunta,p1_0.categoria,p1_0.dificultad,p1_0.estado,p1_0.op1,p1_0.op2,p1_0.op3,p1_0.op4,p1_0.pregunta,p1_0.respuesta from pregunta p1_0 where p1_0.pregunta=?
Hibernate: insert into pregunta (categoria,dificultad,estado,op1,op2,op3,op4,pregunta,respuesta) values (?,?,?,?,?,?,?,?,?) returning id_pregunta
Hibernate: select p1_0.id_pregunta,p1_0.categoria,p1_0.dificultad,p1_0.estado,p1_0.op1,p1_0.op2,p1_0.op3,p1_0.op4,p1_0.pregunta,p1_0.respuesta from pregunta p1_0 where p1_0.pregunta=?
Hibernate: insert into pregunta (categoria,dificultad,estado,op1,op2,op3,op4,pregunta,respuesta) values (?,?,?,?,?,?,?,?,?) returning id_pregunta
Hibernate: select p1_0.id_pregunta,p1_0.categoria,p1_0.dificultad,p1_0.estado,p1_0.op1,p1_0.op2,p1_0.op3,p1_0.op4,p1_0.pregunta,p1_0.respuesta from pregunta p1_0 where p1_0.pregunta=?
Hibernate: insert into pregunta (categoria,dificultad,estado,op1,op2,op3,op4,pregunta,respuesta) values (?,?,?,?,?,?,?,?,?) returning id_pregunta
Hibernate: select p1_0.id_pregunta,p1_0.categoria,p1_0.dificultad,p1_0.estado,p1_0.op1,p1_0.op2,p1_0.op3,p1_0.op4,p1_0.pregunta,p1_0.respuesta from pregunta p1_0 where p1_0.pregunta=?
Hibernate: insert into pregunta (categoria,dificultad,estado,op1,op2,op3,op4,pregunta,respuesta) values (?,?,?,?,?,?,?,?,?) returning id_pregunta
Hibernate: select p1_0.id_pregunta,p1_0.categoria,p1_0.dificultad,p1_0.estado,p1_0.op1,p1_0.op2,p1_0.op3,p1_0.op4,p1_0.pregunta,p1_0.respuesta from pregunta p1_0 where p1_0.pregunta=?
Hibernate: insert into pregunta (categoria,dificultad,estado,op1,op2,op3,op4,pregunta,respuesta) values (?,?,?,?,?,?,?,?,?) returning id_pregunta
Hibernate: select p1_0.id_pregunta,p1_0.categoria,p1_0.dificultad,p1_0.estado,p1_0.op1,p1_0.op2,p1_0.op3,p1_0.op4,p1_0.pregunta,p1_0.respuesta from pregunta p1_0 where p1_0.pregunta=?
Hibernate: insert into pregunta (categoria,dificultad,estado,op1,op2,op3,op4,pregunta,respuesta) values (?,?,?,?,?,?,?,?,?) returning id_pregunta
Hibernate: select p1_0.id_pregunta,p1_0.categoria,p1_0.dificultad,p1_0.estado,p1_0.op1,p1_0.op2,p1_0.op3,p1_0.op4,p1_0.pregunta,p1_0.respuesta from pregunta p1_0 where p1_0.pregunta=?
Hibernate: insert into pregunta (categoria,dificultad,estado,op1,op2,op3,op4,pregunta,respuesta) values (?,?,?,?,?,?,?,?,?) returning id_pregunta
Hibernate: select p1_0.id_pregunta,p1_0.categoria,p1_0.dificultad,p1_0.estado,p1_0.op1,p1_0.op2,p1_0.op3,p1_0.op4,p1_0.pregunta,p1_0.respuesta from pregunta p1_0 where p1_0.pregunta=?
Hibernate: insert into pregunta (categoria,dificultad,estado,op1,op2,op3,op4,pregunta,respuesta) values (?,?,?,?,?,?,?,?,?) returning id_pregunta
Hibernate: select p1_0.id_pregunta,p1_0.categoria,p1_0.dificultad,p1_0.estado,p1_0.op1,p1_0.op2,p1_0.op3,p1_0.op4,p1_0.pregunta,p1_0.respuesta from pregunta p1_0 where p1_0.pregunta=?
Hibernate: insert into pregunta (categoria,dificultad,estado,op1,op2,op3,op4,pregunta,respuesta) values (?,?,?,?,?,?,?,?,?) returning id_pregunta
Hibernate: select p1_0.id_pregunta,p1_0.categoria,p1_0.dificultad,p1_0.estado,p1_0.op1,p1_0.op2,p1_0.op3,p1_0.op4,p1_0.pregunta,p1_0.respuesta from pregunta p1_0 where p1_0.pregunta=?
Hibernate: insert into pregunta (categoria,dificultad,estado,op1,op2,op3,op4,pregunta,respuesta) values (?,?,?,?,?,?,?,?,?) returning id_pregunta
Hibernate: select p1_0.id_pregunta,p1_0.categoria,p1_0.dificultad,p1_0.estado,p1_0.op1,p1_0.op2,p1_0.op3,p1_0.op4,p1_0.pregunta,p1_0.respuesta from pregunta p1_0 where p1_0.pregunta=?
Hibernate: insert into pregunta (categoria,dificultad,estado,op1,op2,op3,op4,pregunta,respuesta) values (?,?,?,?,?,?,?,?,?) returning id_pregunta
Hibernate: select p1_0.id_pregunta,p1_0.categoria,p1_0.dificultad,p1_0.estado,p1_0.op1,p1_0.op2,p1_0.op3,p1_0.op4,p1_0.pregunta,p1_0.respuesta from pregunta p1_0 where p1_0.pregunta=?
Hibernate: insert into pregunta (categoria,dificultad,estado,op1,op2,op3,op4,pregunta,respuesta) values (?,?,?,?,?,?,?,?,?) returning id_pregunta
Hibernate: select p1_0.id_pregunta,p1_0.categoria,p1_0.dificultad,p1_0.estado,p1_0.op1,p1_0.op2,p1_0.op3,p1_0.op4,p1_0.pregunta,p1_0.respuesta from pregunta p1_0 where p1_0.pregunta=?
Hibernate: insert into pregunta (categoria,dificultad,estado,op1,op2,op3,op4,pregunta,respuesta) values (?,?,?,?,?,?,?,?,?) returning id_pregunta
Hibernate: select p1_0.id_pregunta,p1_0.categoria,p1_0.dificultad,p1_0.estado,p1_0.op1,p1_0.op2,p1_0.op3,p1_0.op4,p1_0.pregunta,p1_0.respuesta from pregunta p1_0 where p1_0.pregunta=?
Hibernate: insert into pregunta (categoria,dificultad,estado,op1,op2,op3,op4,pregunta,respuesta) values (?,?,?,?,?,?,?,?,?) returning id_pregunta
Hibernate: select p1_0.id_pregunta,p1_0.categoria,p1_0.dificultad,p1_0.estado,p1_0.op1,p1_0.op2,p1_0.op3,p1_0.op4,p1_0.pregunta,p1_0.respuesta from pregunta p1_0 where p1_0.pregunta=?
Hibernate: insert into pregunta (categoria,dificultad,estado,op1,op2,op3,op4,pregunta,respuesta) values (?,?,?,?,?,?,?,?,?) returning id_pregunta
Hibernate: select p1_0.id_pregunta,p1_0.categoria,p1_0.dificultad,p1_0.estado,p1_0.op1,p1_0.op2,p1_0.op3,p1_0.op4,p1_0.pregunta,p1_0.respuesta from pregunta p1_0 where p1_0.pregunta=?
Hibernate: insert into pregunta (categoria,dificultad,estado,op1,op2,op3,op4,pregunta,respuesta) values (?,?,?,?,?,?,?,?,?) returning id_pregunta
Hibernate: select p1_0.id_pregunta,p1_0.categoria,p1_0.dificultad,p1_0.estado,p1_0.op1,p1_0.op2,p1_0.op3,p1_0.op4,p1_0.pregunta,p1_0.respuesta from pregunta p1_0 where p1_0.pregunta=?
Hibernate: insert into pregunta (categoria,dificultad,estado,op1,op2,op3,op4,pregunta,respuesta) values (?,?,?,?,?,?,?,?,?) returning id_pregunta
Hibernate: select p1_0.id_pregunta,p1_0.categoria,p1_0.dificultad,p1_0.estado,p1_0.op1,p1_0.op2,p1_0.op3,p1_0.op4,p1_0.pregunta,p1_0.respuesta from pregunta p1_0 where p1_0.pregunta=?
Hibernate: insert into pregunta (categoria,dificultad,estado,op1,op2,op3,op4,pregunta,respuesta) values (?,?,?,?,?,?,?,?,?) returning id_pregunta
Hibernate: select p1_0.id_pregunta,p1_0.categoria,p1_0.dificultad,p1_0.estado,p1_0.op1,p1_0.op2,p1_0.op3,p1_0.op4,p1_0.pregunta,p1_0.respuesta from pregunta p1_0 where p1_0.pregunta=?
Hibernate: insert into pregunta (categoria,dificultad,estado,op1,op2,op3,op4,pregunta,respuesta) values (?,?,?,?,?,?,?,?,?) returning id_pregunta
Hibernate: select p1_0.id_pregunta,p1_0.categoria,p1_0.dificultad,p1_0.estado,p1_0.op1,p1_0.op2,p1_0.op3,p1_0.op4,p1_0.pregunta,p1_0.respuesta from pregunta p1_0 where p1_0.pregunta=?
Hibernate: insert into pregunta (categoria,dificultad,estado,op1,op2,op3,op4,pregunta,respuesta) values (?,?,?,?,?,?,?,?,?) returning id_pregunta
Hibernate: select p1_0.id_pregunta,p1_0.categoria,p1_0.dificultad,p1_0.estado,p1_0.op1,p1_0.op2,p1_0.op3,p1_0.op4,p1_0.pregunta,p1_0.respuesta from pregunta p1_0 where p1_0.pregunta=?
Hibernate: insert into pregunta (categoria,dificultad,estado,op1,op2,op3,op4,pregunta,respuesta) values (?,?,?,?,?,?,?,?,?) returning id_pregunta
Hibernate: select p1_0.id_pregunta,p1_0.categoria,p1_0.dificultad,p1_0.estado,p1_0.op1,p1_0.op2,p1_0.op3,p1_0.op4,p1_0.pregunta,p1_0.respuesta from pregunta p1_0 where p1_0.pregunta=?
Hibernate: insert into pregunta (categoria,dificultad,estado,op1,op2,op3,op4,pregunta,respuesta) values (?,?,?,?,?,?,?,?,?) returning id_pregunta
Hibernate: select p1_0.id_pregunta,p1_0.categoria,p1_0.dificultad,p1_0.estado,p1_0.op1,p1_0.op2,p1_0.op3,p1_0.op4,p1_0.pregunta,p1_0.respuesta from pregunta p1_0 where p1_0.pregunta=?
Hibernate: insert into pregunta (categoria,dificultad,estado,op1,op2,op3,op4,pregunta,respuesta) values (?,?,?,?,?,?,?,?,?) returning id_pregunta
Hibernate: select p1_0.id_pregunta,p1_0.categoria,p1_0.dificultad,p1_0.estado,p1_0.op1,p1_0.op2,p1_0.op3,p1_0.op4,p1_0.pregunta,p1_0.respuesta from pregunta p1_0 where p1_0.pregunta=?
Hibernate: insert into pregunta (categoria,dificultad,estado,op1,op2,op3,op4,pregunta,respuesta) values (?,?,?,?,?,?,?,?,?) returning id_pregunta
Hibernate: select p1_0.id_pregunta,p1_0.categoria,p1_0.dificultad,p1_0.estado,p1_0.op1,p1_0.op2,p1_0.op3,p1_0.op4,p1_0.pregunta,p1_0.respuesta from pregunta p1_0 where p1_0.pregunta=?
Hibernate: insert into pregunta (categoria,dificultad,estado,op1,op2,op3,op4,pregunta,respuesta) values (?,?,?,?,?,?,?,?,?) returning id_pregunta
Hibernate: select p1_0.id_pregunta,p1_0.categoria,p1_0.dificultad,p1_0.estado,p1_0.op1,p1_0.op2,p1_0.op3,p1_0.op4,p1_0.pregunta,p1_0.respuesta from pregunta p1_0 where p1_0.pregunta=?
Hibernate: insert into pregunta (categoria,dificultad,estado,op1,op2,op3,op4,pregunta,respuesta) values (?,?,?,?,?,?,?,?,?) returning id_pregunta
Hibernate: select p1_0.id_pregunta,p1_0.categoria,p1_0.dificultad,p1_0.estado,p1_0.op1,p1_0.op2,p1_0.op3,p1_0.op4,p1_0.pregunta,p1_0.respuesta from pregunta p1_0 where p1_0.pregunta=?
Hibernate: insert into pregunta (categoria,dificultad,estado,op1,op2,op3,op4,pregunta,respuesta) values (?,?,?,?,?,?,?,?,?) returning id_pregunta
Hibernate: select p1_0.id_pregunta,p1_0.categoria,p1_0.dificultad,p1_0.estado,p1_0.op1,p1_0.op2,p1_0.op3,p1_0.op4,p1_0.pregunta,p1_0.respuesta from pregunta p1_0 where p1_0.pregunta=?
Hibernate: insert into pregunta (categoria,dificultad,estado,op1,op2,op3,op4,pregunta,respuesta) values (?,?,?,?,?,?,?,?,?) returning id_pregunta
Hibernate: select p1_0.id_pregunta,p1_0.categoria,p1_0.dificultad,p1_0.estado,p1_0.op1,p1_0.op2,p1_0.op3,p1_0.op4,p1_0.pregunta,p1_0.respuesta from pregunta p1_0 where p1_0.pregunta=?
Hibernate: insert into pregunta (categoria,dificultad,estado,op1,op2,op3,op4,pregunta,respuesta) values (?,?,?,?,?,?,?,?,?) returning id_pregunta
Hibernate: select p1_0.id_pregunta,p1_0.categoria,p1_0.dificultad,p1_0.estado,p1_0.op1,p1_0.op2,p1_0.op3,p1_0.op4,p1_0.pregunta,p1_0.respuesta from pregunta p1_0 where p1_0.pregunta=?
Hibernate: insert into pregunta (categoria,dificultad,estado,op1,op2,op3,op4,pregunta,respuesta) values (?,?,?,?,?,?,?,?,?) returning id_pregunta
Hibernate: select p1_0.id_pregunta,p1_0.categoria,p1_0.dificultad,p1_0.estado,p1_0.op1,p1_0.op2,p1_0.op3,p1_0.op4,p1_0.pregunta,p1_0.respuesta from pregunta p1_0 where p1_0.pregunta=?
Hibernate: insert into pregunta (categoria,dificultad,estado,op1,op2,op3,op4,pregunta,respuesta) values (?,?,?,?,?,?,?,?,?) returning id_pregunta
Hibernate: select p1_0.id_pregunta,p1_0.categoria,p1_0.dificultad,p1_0.estado,p1_0.op1,p1_0.op2,p1_0.op3,p1_0.op4,p1_0.pregunta,p1_0.respuesta from pregunta p1_0 where p1_0.pregunta=?
Hibernate: insert into pregunta (categoria,dificultad,estado,op1,op2,op3,op4,pregunta,respuesta) values (?,?,?,?,?,?,?,?,?) returning id_pregunta
Hibernate: select p1_0.id_pregunta,p1_0.categoria,p1_0.dificultad,p1_0.estado,p1_0.op1,p1_0.op2,p1_0.op3,p1_0.op4,p1_0.pregunta,p1_0.respuesta from pregunta p1_0 where p1_0.pregunta=?
Hibernate: insert into pregunta (categoria,dificultad,estado,op1,op2,op3,op4,pregunta,respuesta) values (?,?,?,?,?,?,?,?,?) returning id_pregunta
Hibernate: select p1_0.id_pregunta,p1_0.categoria,p1_0.dificultad,p1_0.estado,p1_0.op1,p1_0.op2,p1_0.op3,p1_0.op4,p1_0.pregunta,p1_0.respuesta from pregunta p1_0 where p1_0.pregunta=?
Hibernate: insert into pregunta (categoria,dificultad,estado,op1,op2,op3,op4,pregunta,respuesta) values (?,?,?,?,?,?,?,?,?) returning id_pregunta
Hibernate: select p1_0.id_pregunta,p1_0.categoria,p1_0.dificultad,p1_0.estado,p1_0.op1,p1_0.op2,p1_0.op3,p1_0.op4,p1_0.pregunta,p1_0.respuesta from pregunta p1_0 where p1_0.pregunta=?
Hibernate: insert into pregunta (categoria,dificultad,estado,op1,op2,op3,op4,pregunta,respuesta) values (?,?,?,?,?,?,?,?,?) returning id_pregunta
Hibernate: select p1_0.id_pregunta,p1_0.categoria,p1_0.dificultad,p1_0.estado,p1_0.op1,p1_0.op2,p1_0.op3,p1_0.op4,p1_0.pregunta,p1_0.respuesta from pregunta p1_0 where p1_0.pregunta=?
Hibernate: insert into pregunta (categoria,dificultad,estado,op1,op2,op3,op4,pregunta,respuesta) values (?,?,?,?,?,?,?,?,?) returning id_pregunta
Hibernate: select p1_0.id_pregunta,p1_0.categoria,p1_0.dificultad,p1_0.estado,p1_0.op1,p1_0.op2,p1_0.op3,p1_0.op4,p1_0.pregunta,p1_0.respuesta from pregunta p1_0 where p1_0.pregunta=?
Hibernate: insert into pregunta (categoria,dificultad,estado,op1,op2,op3,op4,pregunta,respuesta) values (?,?,?,?,?,?,?,?,?) returning id_pregunta
Hibernate: select p1_0.id_pregunta,p1_0.categoria,p1_0.dificultad,p1_0.estado,p1_0.op1,p1_0.op2,p1_0.op3,p1_0.op4,p1_0.pregunta,p1_0.respuesta from pregunta p1_0 where p1_0.pregunta=?
Hibernate: insert into pregunta (categoria,dificultad,estado,op1,op2,op3,op4,pregunta,respuesta) values (?,?,?,?,?,?,?,?,?) returning id_pregunta
Hibernate: select p1_0.id_pregunta,p1_0.categoria,p1_0.dificultad,p1_0.estado,p1_0.op1,p1_0.op2,p1_0.op3,p1_0.op4,p1_0.pregunta,p1_0.respuesta from pregunta p1_0 where p1_0.pregunta=?
Hibernate: insert into pregunta (categoria,dificultad,estado,op1,op2,op3,op4,pregunta,respuesta) values (?,?,?,?,?,?,?,?,?) returning id_pregunta
Hibernate: select p1_0.id_pregunta,p1_0.categoria,p1_0.dificultad,p1_0.estado,p1_0.op1,p1_0.op2,p1_0.op3,p1_0.op4,p1_0.pregunta,p1_0.respuesta from pregunta p1_0 where p1_0.pregunta=?
Hibernate: insert into pregunta (categoria,dificultad,estado,op1,op2,op3,op4,pregunta,respuesta) values (?,?,?,?,?,?,?,?,?) returning id_pregunta
Hibernate: select p1_0.id_pregunta,p1_0.categoria,p1_0.dificultad,p1_0.estado,p1_0.op1,p1_0.op2,p1_0.op3,p1_0.op4,p1_0.pregunta,p1_0.respuesta from pregunta p1_0 where p1_0.pregunta=?
Hibernate: insert into pregunta (categoria,dificultad,estado,op1,op2,op3,op4,pregunta,respuesta) values (?,?,?,?,?,?,?,?,?) returning id_pregunta
Hibernate: select p1_0.id_pregunta,p1_0.categoria,p1_0.dificultad,p1_0.estado,p1_0.op1,p1_0.op2,p1_0.op3,p1_0.op4,p1_0.pregunta,p1_0.respuesta from pregunta p1_0 where p1_0.pregunta=?
Hibernate: insert into pregunta (categoria,dificultad,estado,op1,op2,op3,op4,pregunta,respuesta) values (?,?,?,?,?,?,?,?,?) returning id_pregunta
Hibernate: select p1_0.id_pregunta,p1_0.categoria,p1_0.dificultad,p1_0.estado,p1_0.op1,p1_0.op2,p1_0.op3,p1_0.op4,p1_0.pregunta,p1_0.respuesta from pregunta p1_0 where p1_0.pregunta=?
Hibernate: insert into pregunta (categoria,dificultad,estado,op1,op2,op3,op4,pregunta,respuesta) values (?,?,?,?,?,?,?,?,?) returning id_pregunta
Hibernate: select p1_0.id_pregunta,p1_0.categoria,p1_0.dificultad,p1_0.estado,p1_0.op1,p1_0.op2,p1_0.op3,p1_0.op4,p1_0.pregunta,p1_0.respuesta from pregunta p1_0 where p1_0.pregunta=?
Hibernate: insert into pregunta (categoria,dificultad,estado,op1,op2,op3,op4,pregunta,respuesta) values (?,?,?,?,?,?,?,?,?) returning id_pregunta
Hibernate: select p1_0.id_pregunta,p1_0.categoria,p1_0.dificultad,p1_0.estado,p1_0.op1,p1_0.op2,p1_0.op3,p1_0.op4,p1_0.pregunta,p1_0.respuesta from pregunta p1_0 where p1_0.pregunta=?
Hibernate: insert into pregunta (categoria,dificultad,estado,op1,op2,op3,op4,pregunta,respuesta) values (?,?,?,?,?,?,?,?,?) returning id_pregunta
Hibernate: select p1_0.id_pregunta,p1_0.categoria,p1_0.dificultad,p1_0.estado,p1_0.op1,p1_0.op2,p1_0.op3,p1_0.op4,p1_0.pregunta,p1_0.respuesta from pregunta p1_0 where p1_0.pregunta=?
Hibernate: insert into pregunta (categoria,dificultad,estado,op1,op2,op3,op4,pregunta,respuesta) values (?,?,?,?,?,?,?,?,?) returning id_pregunta
Hibernate: select p1_0.id_pregunta,p1_0.categoria,p1_0.dificultad,p1_0.estado,p1_0.op1,p1_0.op2,p1_0.op3,p1_0.op4,p1_0.pregunta,p1_0.respuesta from pregunta p1_0 where p1_0.pregunta=?
Hibernate: insert into pregunta (categoria,dificultad,estado,op1,op2,op3,op4,pregunta,respuesta) values (?,?,?,?,?,?,?,?,?) returning id_pregunta
Hibernate: select p1_0.id_pregunta,p1_0.categoria,p1_0.dificultad,p1_0.estado,p1_0.op1,p1_0.op2,p1_0.op3,p1_0.op4,p1_0.pregunta,p1_0.respuesta from pregunta p1_0 where p1_0.pregunta=?
Hibernate: insert into pregunta (categoria,dificultad,estado,op1,op2,op3,op4,pregunta,respuesta) values (?,?,?,?,?,?,?,?,?) returning id_pregunta
Hibernate: select p1_0.id_pregunta,p1_0.categoria,p1_0.dificultad,p1_0.estado,p1_0.op1,p1_0.op2,p1_0.op3,p1_0.op4,p1_0.pregunta,p1_0.respuesta from pregunta p1_0 where p1_0.pregunta=?
Hibernate: insert into pregunta (categoria,dificultad,estado,op1,op2,op3,op4,pregunta,respuesta) values (?,?,?,?,?,?,?,?,?) returning id_pregunta
Hibernate: select p1_0.id_pregunta,p1_0.categoria,p1_0.dificultad,p1_0.estado,p1_0.op1,p1_0.op2,p1_0.op3,p1_0.op4,p1_0.pregunta,p1_0.respuesta from pregunta p1_0 where p1_0.pregunta=?
Hibernate: insert into pregunta (categoria,dificultad,estado,op1,op2,op3,op4,pregunta,respuesta) values (?,?,?,?,?,?,?,?,?) returning id_pregunta
Hibernate: select p1_0.id_pregunta,p1_0.categoria,p1_0.dificultad,p1_0.estado,p1_0.op1,p1_0.op2,p1_0.op3,p1_0.op4,p1_0.pregunta,p1_0.respuesta from pregunta p1_0 where p1_0.pregunta=?
Hibernate: insert into pregunta (categoria,dificultad,estado,op1,op2,op3,op4,pregunta,respuesta) values (?,?,?,?,?,?,?,?,?) returning id_pregunta
Hibernate: select p1_0.id_pregunta,p1_0.categoria,p1_0.dificultad,p1_0.estado,p1_0.op1,p1_0.op2,p1_0.op3,p1_0.op4,p1_0.pregunta,p1_0.respuesta from pregunta p1_0 where p1_0.pregunta=?
Hibernate: insert into pregunta (categoria,dificultad,estado,op1,op2,op3,op4,pregunta,respuesta) values (?,?,?,?,?,?,?,?,?) returning id_pregunta
Hibernate: select p1_0.id_pregunta,p1_0.categoria,p1_0.dificultad,p1_0.estado,p1_0.op1,p1_0.op2,p1_0.op3,p1_0.op4,p1_0.pregunta,p1_0.respuesta from pregunta p1_0 where p1_0.pregunta=?
Hibernate: insert into pregunta (categoria,dificultad,estado,op1,op2,op3,op4,pregunta,respuesta) values (?,?,?,?,?,?,?,?,?) returning id_pregunta
Hibernate: select p1_0.id_pregunta,p1_0.categoria,p1_0.dificultad,p1_0.estado,p1_0.op1,p1_0.op2,p1_0.op3,p1_0.op4,p1_0.pregunta,p1_0.respuesta from pregunta p1_0 where p1_0.pregunta=?
Hibernate: insert into pregunta (categoria,dificultad,estado,op1,op2,op3,op4,pregunta,respuesta) values (?,?,?,?,?,?,?,?,?) returning id_pregunta
Hibernate: select p1_0.id_pregunta,p1_0.categoria,p1_0.dificultad,p1_0.estado,p1_0.op1,p1_0.op2,p1_0.op3,p1_0.op4,p1_0.pregunta,p1_0.respuesta from pregunta p1_0 where p1_0.pregunta=?
Hibernate: insert into pregunta (categoria,dificultad,estado,op1,op2,op3,op4,pregunta,respuesta) values (?,?,?,?,?,?,?,?,?) returning id_pregunta
Hibernate: select p1_0.id_pregunta,p1_0.categoria,p1_0.dificultad,p1_0.estado,p1_0.op1,p1_0.op2,p1_0.op3,p1_0.op4,p1_0.pregunta,p1_0.respuesta from pregunta p1_0 where p1_0.pregunta=?
Hibernate: insert into pregunta (categoria,dificultad,estado,op1,op2,op3,op4,pregunta,respuesta) values (?,?,?,?,?,?,?,?,?) returning id_pregunta
Hibernate: select p1_0.id_pregunta,p1_0.categoria,p1_0.dificultad,p1_0.estado,p1_0.op1,p1_0.op2,p1_0.op3,p1_0.op4,p1_0.pregunta,p1_0.respuesta from pregunta p1_0 where p1_0.pregunta=?
Hibernate: insert into pregunta (categoria,dificultad,estado,op1,op2,op3,op4,pregunta,respuesta) values (?,?,?,?,?,?,?,?,?) returning id_pregunta
Hibernate: select p1_0.id_pregunta,p1_0.categoria,p1_0.dificultad,p1_0.estado,p1_0.op1,p1_0.op2,p1_0.op3,p1_0.op4,p1_0.pregunta,p1_0.respuesta from pregunta p1_0 where p1_0.pregunta=?
Hibernate: insert into pregunta (categoria,dificultad,estado,op1,op2,op3,op4,pregunta,respuesta) values (?,?,?,?,?,?,?,?,?) returning id_pregunta
Hibernate: select p1_0.id_pregunta,p1_0.categoria,p1_0.dificultad,p1_0.estado,p1_0.op1,p1_0.op2,p1_0.op3,p1_0.op4,p1_0.pregunta,p1_0.respuesta from pregunta p1_0 where p1_0.pregunta=?
Hibernate: insert into pregunta (categoria,dificultad,estado,op1,op2,op3,op4,pregunta,respuesta) values (?,?,?,?,?,?,?,?,?) returning id_pregunta
Hibernate: select p1_0.id_pregunta,p1_0.categoria,p1_0.dificultad,p1_0.estado,p1_0.op1,p1_0.op2,p1_0.op3,p1_0.op4,p1_0.pregunta,p1_0.respuesta from pregunta p1_0 where p1_0.pregunta=?
Hibernate: insert into pregunta (categoria,dificultad,estado,op1,op2,op3,op4,pregunta,respuesta) values (?,?,?,?,?,?,?,?,?) returning id_pregunta
Hibernate: select p1_0.id_pregunta,p1_0.categoria,p1_0.dificultad,p1_0.estado,p1_0.op1,p1_0.op2,p1_0.op3,p1_0.op4,p1_0.pregunta,p1_0.respuesta from pregunta p1_0 where p1_0.pregunta=?
Hibernate: insert into pregunta (categoria,dificultad,estado,op1,op2,op3,op4,pregunta,respuesta) values (?,?,?,?,?,?,?,?,?) returning id_pregunta
Hibernate: select p1_0.id_pregunta,p1_0.categoria,p1_0.dificultad,p1_0.estado,p1_0.op1,p1_0.op2,p1_0.op3,p1_0.op4,p1_0.pregunta,p1_0.respuesta from pregunta p1_0 where p1_0.pregunta=?
Hibernate: insert into pregunta (categoria,dificultad,estado,op1,op2,op3,op4,pregunta,respuesta) values (?,?,?,?,?,?,?,?,?) returning id_pregunta
Hibernate: select p1_0.id_pregunta,p1_0.categoria,p1_0.dificultad,p1_0.estado,p1_0.op1,p1_0.op2,p1_0.op3,p1_0.op4,p1_0.pregunta,p1_0.respuesta from pregunta p1_0 where p1_0.pregunta=?
Hibernate: insert into pregunta (categoria,dificultad,estado,op1,op2,op3,op4,pregunta,respuesta) values (?,?,?,?,?,?,?,?,?) returning id_pregunta
Hibernate: select p1_0.id_pregunta,p1_0.categoria,p1_0.dificultad,p1_0.estado,p1_0.op1,p1_0.op2,p1_0.op3,p1_0.op4,p1_0.pregunta,p1_0.respuesta from pregunta p1_0 where p1_0.pregunta=?
Hibernate: insert into pregunta (categoria,dificultad,estado,op1,op2,op3,op4,pregunta,respuesta) values (?,?,?,?,?,?,?,?,?) returning id_pregunta
Hibernate: select p1_0.id_pregunta,p1_0.categoria,p1_0.dificultad,p1_0.estado,p1_0.op1,p1_0.op2,p1_0.op3,p1_0.op4,p1_0.pregunta,p1_0.respuesta from pregunta p1_0 where p1_0.pregunta=?
Hibernate: insert into pregunta (categoria,dificultad,estado,op1,op2,op3,op4,pregunta,respuesta) values (?,?,?,?,?,?,?,?,?) returning id_pregunta
Hibernate: select p1_0.id_pregunta,p1_0.categoria,p1_0.dificultad,p1_0.estado,p1_0.op1,p1_0.op2,p1_0.op3,p1_0.op4,p1_0.pregunta,p1_0.respuesta from pregunta p1_0 where p1_0.pregunta=?
Hibernate: insert into pregunta (categoria,dificultad,estado,op1,op2,op3,op4,pregunta,respuesta) values (?,?,?,?,?,?,?,?,?) returning id_pregunta
Hibernate: select p1_0.id_pregunta,p1_0.categoria,p1_0.dificultad,p1_0.estado,p1_0.op1,p1_0.op2,p1_0.op3,p1_0.op4,p1_0.pregunta,p1_0.respuesta from pregunta p1_0 where p1_0.pregunta=?
Hibernate: insert into pregunta (categoria,dificultad,estado,op1,op2,op3,op4,pregunta,respuesta) values (?,?,?,?,?,?,?,?,?) returning id_pregunta
Hibernate: select p1_0.id_pregunta,p1_0.categoria,p1_0.dificultad,p1_0.estado,p1_0.op1,p1_0.op2,p1_0.op3,p1_0.op4,p1_0.pregunta,p1_0.respuesta from pregunta p1_0 where p1_0.pregunta=?
Hibernate: insert into pregunta (categoria,dificultad,estado,op1,op2,op3,op4,pregunta,respuesta) values (?,?,?,?,?,?,?,?,?) returning id_pregunta
Hibernate: select p1_0.id_pregunta,p1_0.categoria,p1_0.dificultad,p1_0.estado,p1_0.op1,p1_0.op2,p1_0.op3,p1_0.op4,p1_0.pregunta,p1_0.respuesta from pregunta p1_0 where p1_0.pregunta=?
Hibernate: insert into pregunta (categoria,dificultad,estado,op1,op2,op3,op4,pregunta,respuesta) values (?,?,?,?,?,?,?,?,?) returning id_pregunta
Hibernate: select p1_0.id_pregunta,p1_0.categoria,p1_0.dificultad,p1_0.estado,p1_0.op1,p1_0.op2,p1_0.op3,p1_0.op4,p1_0.pregunta,p1_0.respuesta from pregunta p1_0 where p1_0.pregunta=?
Hibernate: insert into pregunta (categoria,dificultad,estado,op1,op2,op3,op4,pregunta,respuesta) values (?,?,?,?,?,?,?,?,?) returning id_pregunta
Hibernate: select p1_0.id_pregunta,p1_0.categoria,p1_0.dificultad,p1_0.estado,p1_0.op1,p1_0.op2,p1_0.op3,p1_0.op4,p1_0.pregunta,p1_0.respuesta from pregunta p1_0 where p1_0.pregunta=?
Hibernate: insert into pregunta (categoria,dificultad,estado,op1,op2,op3,op4,pregunta,respuesta) values (?,?,?,?,?,?,?,?,?) returning id_pregunta
Hibernate: select p1_0.id_pregunta,p1_0.categoria,p1_0.dificultad,p1_0.estado,p1_0.op1,p1_0.op2,p1_0.op3,p1_0.op4,p1_0.pregunta,p1_0.respuesta from pregunta p1_0 where p1_0.pregunta=?
Hibernate: insert into pregunta (categoria,dificultad,estado,op1,op2,op3,op4,pregunta,respuesta) values (?,?,?,?,?,?,?,?,?) returning id_pregunta
Hibernate: select p1_0.id_pregunta,p1_0.categoria,p1_0.dificultad,p1_0.estado,p1_0.op1,p1_0.op2,p1_0.op3,p1_0.op4,p1_0.pregunta,p1_0.respuesta from pregunta p1_0 where p1_0.pregunta=?
Hibernate: insert into pregunta (categoria,dificultad,estado,op1,op2,op3,op4,pregunta,respuesta) values (?,?,?,?,?,?,?,?,?) returning id_pregunta
Hibernate: select p1_0.id_pregunta,p1_0.categoria,p1_0.dificultad,p1_0.estado,p1_0.op1,p1_0.op2,p1_0.op3,p1_0.op4,p1_0.pregunta,p1_0.respuesta from pregunta p1_0 where p1_0.pregunta=?
Hibernate: insert into pregunta (categoria,dificultad,estado,op1,op2,op3,op4,pregunta,respuesta) values (?,?,?,?,?,?,?,?,?) returning id_pregunta
Hibernate: select p1_0.id_pregunta,p1_0.categoria,p1_0.dificultad,p1_0.estado,p1_0.op1,p1_0.op2,p1_0.op3,p1_0.op4,p1_0.pregunta,p1_0.respuesta from pregunta p1_0 where p1_0.pregunta=?
Hibernate: insert into pregunta (categoria,dificultad,estado,op1,op2,op3,op4,pregunta,respuesta) values (?,?,?,?,?,?,?,?,?) returning id_pregunta
Hibernate: select p1_0.id_pregunta,p1_0.categoria,p1_0.dificultad,p1_0.estado,p1_0.op1,p1_0.op2,p1_0.op3,p1_0.op4,p1_0.pregunta,p1_0.respuesta from pregunta p1_0 where p1_0.pregunta=?
Hibernate: insert into pregunta (categoria,dificultad,estado,op1,op2,op3,op4,pregunta,respuesta) values (?,?,?,?,?,?,?,?,?) returning id_pregunta
Hibernate: select p1_0.id_pregunta,p1_0.categoria,p1_0.dificultad,p1_0.estado,p1_0.op1,p1_0.op2,p1_0.op3,p1_0.op4,p1_0.pregunta,p1_0.respuesta from pregunta p1_0 where p1_0.pregunta=?
Hibernate: insert into pregunta (categoria,dificultad,estado,op1,op2,op3,op4,pregunta,respuesta) values (?,?,?,?,?,?,?,?,?) returning id_pregunta
Hibernate: select p1_0.id_pregunta,p1_0.categoria,p1_0.dificultad,p1_0.estado,p1_0.op1,p1_0.op2,p1_0.op3,p1_0.op4,p1_0.pregunta,p1_0.respuesta from pregunta p1_0 where p1_0.pregunta=?
Hibernate: insert into pregunta (categoria,dificultad,estado,op1,op2,op3,op4,pregunta,respuesta) values (?,?,?,?,?,?,?,?,?) returning id_pregunta
Hibernate: select p1_0.id_pregunta,p1_0.categoria,p1_0.dificultad,p1_0.estado,p1_0.op1,p1_0.op2,p1_0.op3,p1_0.op4,p1_0.pregunta,p1_0.respuesta from pregunta p1_0 where p1_0.pregunta=?
Hibernate: insert into pregunta (categoria,dificultad,estado,op1,op2,op3,op4,pregunta,respuesta) values (?,?,?,?,?,?,?,?,?) returning id_pregunta
Hibernate: select p1_0.id_pregunta,p1_0.categoria,p1_0.dificultad,p1_0.estado,p1_0.op1,p1_0.op2,p1_0.op3,p1_0.op4,p1_0.pregunta,p1_0.respuesta from pregunta p1_0 where p1_0.pregunta=?
Hibernate: insert into pregunta (categoria,dificultad,estado,op1,op2,op3,op4,pregunta,respuesta) values (?,?,?,?,?,?,?,?,?) returning id_pregunta
Hibernate: select p1_0.id_pregunta,p1_0.categoria,p1_0.dificultad,p1_0.estado,p1_0.op1,p1_0.op2,p1_0.op3,p1_0.op4,p1_0.pregunta,p1_0.respuesta from pregunta p1_0 where p1_0.pregunta=?
Hibernate: insert into pregunta (categoria,dificultad,estado,op1,op2,op3,op4,pregunta,respuesta) values (?,?,?,?,?,?,?,?,?) returning id_pregunta
Hibernate: select p1_0.id_pregunta,p1_0.categoria,p1_0.dificultad,p1_0.estado,p1_0.op1,p1_0.op2,p1_0.op3,p1_0.op4,p1_0.pregunta,p1_0.respuesta from pregunta p1_0 where p1_0.pregunta=?
Hibernate: insert into pregunta (categoria,dificultad,estado,op1,op2,op3,op4,pregunta,respuesta) values (?,?,?,?,?,?,?,?,?) returning id_pregunta
Hibernate: select p1_0.id_pregunta,p1_0.categoria,p1_0.dificultad,p1_0.estado,p1_0.op1,p1_0.op2,p1_0.op3,p1_0.op4,p1_0.pregunta,p1_0.respuesta from pregunta p1_0 where p1_0.pregunta=?
Hibernate: insert into pregunta (categoria,dificultad,estado,op1,op2,op3,op4,pregunta,respuesta) values (?,?,?,?,?,?,?,?,?) returning id_pregunta
Hibernate: select p1_0.id_pregunta,p1_0.categoria,p1_0.dificultad,p1_0.estado,p1_0.op1,p1_0.op2,p1_0.op3,p1_0.op4,p1_0.pregunta,p1_0.respuesta from pregunta p1_0 where p1_0.pregunta=?
Hibernate: insert into pregunta (categoria,dificultad,estado,op1,op2,op3,op4,pregunta,respuesta) values (?,?,?,?,?,?,?,?,?) returning id_pregunta
Hibernate: select p1_0.id_pregunta,p1_0.categoria,p1_0.dificultad,p1_0.estado,p1_0.op1,p1_0.op2,p1_0.op3,p1_0.op4,p1_0.pregunta,p1_0.respuesta from pregunta p1_0 where p1_0.pregunta=?
Hibernate: insert into pregunta (categoria,dificultad,estado,op1,op2,op3,op4,pregunta,respuesta) values (?,?,?,?,?,?,?,?,?) returning id_pregunta
Hibernate: select p1_0.id_pregunta,p1_0.categoria,p1_0.dificultad,p1_0.estado,p1_0.op1,p1_0.op2,p1_0.op3,p1_0.op4,p1_0.pregunta,p1_0.respuesta from pregunta p1_0 where p1_0.pregunta=?
Hibernate: insert into pregunta (categoria,dificultad,estado,op1,op2,op3,op4,pregunta,respuesta) values (?,?,?,?,?,?,?,?,?) returning id_pregunta
Hibernate: select p1_0.id_pregunta,p1_0.categoria,p1_0.dificultad,p1_0.estado,p1_0.op1,p1_0.op2,p1_0.op3,p1_0.op4,p1_0.pregunta,p1_0.respuesta from pregunta p1_0 where p1_0.pregunta=?
Hibernate: insert into pregunta (categoria,dificultad,estado,op1,op2,op3,op4,pregunta,respuesta) values (?,?,?,?,?,?,?,?,?) returning id_pregunta
Hibernate: select p1_0.id_pregunta,p1_0.categoria,p1_0.dificultad,p1_0.estado,p1_0.op1,p1_0.op2,p1_0.op3,p1_0.op4,p1_0.pregunta,p1_0.respuesta from pregunta p1_0 where p1_0.pregunta=?
Hibernate: insert into pregunta (categoria,dificultad,estado,op1,op2,op3,op4,pregunta,respuesta) values (?,?,?,?,?,?,?,?,?) returning id_pregunta
Hibernate: select p1_0.id_pregunta,p1_0.categoria,p1_0.dificultad,p1_0.estado,p1_0.op1,p1_0.op2,p1_0.op3,p1_0.op4,p1_0.pregunta,p1_0.respuesta from pregunta p1_0 where p1_0.pregunta=?
Hibernate: insert into pregunta (categoria,dificultad,estado,op1,op2,op3,op4,pregunta,respuesta) values (?,?,?,?,?,?,?,?,?) returning id_pregunta
Hibernate: select p1_0.id_pregunta,p1_0.categoria,p1_0.dificultad,p1_0.estado,p1_0.op1,p1_0.op2,p1_0.op3,p1_0.op4,p1_0.pregunta,p1_0.respuesta from pregunta p1_0 where p1_0.pregunta=?
Hibernate: insert into pregunta (categoria,dificultad,estado,op1,op2,op3,op4,pregunta,respuesta) values (?,?,?,?,?,?,?,?,?) returning id_pregunta
Hibernate: select p1_0.id_pregunta,p1_0.categoria,p1_0.dificultad,p1_0.estado,p1_0.op1,p1_0.op2,p1_0.op3,p1_0.op4,p1_0.pregunta,p1_0.respuesta from pregunta p1_0 where p1_0.pregunta=?
Hibernate: insert into pregunta (categoria,dificultad,estado,op1,op2,op3,op4,pregunta,respuesta) values (?,?,?,?,?,?,?,?,?) returning id_pregunta
Hibernate: select p1_0.id_pregunta,p1_0.categoria,p1_0.dificultad,p1_0.estado,p1_0.op1,p1_0.op2,p1_0.op3,p1_0.op4,p1_0.pregunta,p1_0.respuesta from pregunta p1_0 where p1_0.pregunta=?
Hibernate: insert into pregunta (categoria,dificultad,estado,op1,op2,op3,op4,pregunta,respuesta) values (?,?,?,?,?,?,?,?,?) returning id_pregunta
Hibernate: select p1_0.id_pregunta,p1_0.categoria,p1_0.dificultad,p1_0.estado,p1_0.op1,p1_0.op2,p1_0.op3,p1_0.op4,p1_0.pregunta,p1_0.respuesta from pregunta p1_0 where p1_0.pregunta=?
Hibernate: insert into pregunta (categoria,dificultad,estado,op1,op2,op3,op4,pregunta,respuesta) values (?,?,?,?,?,?,?,?,?) returning id_pregunta
Hibernate: select p1_0.id_pregunta,p1_0.categoria,p1_0.dificultad,p1_0.estado,p1_0.op1,p1_0.op2,p1_0.op3,p1_0.op4,p1_0.pregunta,p1_0.respuesta from pregunta p1_0 where p1_0.pregunta=?
Hibernate: insert into pregunta (categoria,dificultad,estado,op1,op2,op3,op4,pregunta,respuesta) values (?,?,?,?,?,?,?,?,?) returning id_pregunta
Hibernate: select p1_0.id_pregunta,p1_0.categoria,p1_0.dificultad,p1_0.estado,p1_0.op1,p1_0.op2,p1_0.op3,p1_0.op4,p1_0.pregunta,p1_0.respuesta from pregunta p1_0 where p1_0.pregunta=?
Hibernate: insert into pregunta (categoria,dificultad,estado,op1,op2,op3,op4,pregunta,respuesta) values (?,?,?,?,?,?,?,?,?) returning id_pregunta
Hibernate: select p1_0.id_pregunta,p1_0.categoria,p1_0.dificultad,p1_0.estado,p1_0.op1,p1_0.op2,p1_0.op3,p1_0.op4,p1_0.pregunta,p1_0.respuesta from pregunta p1_0 where p1_0.pregunta=?
Hibernate: insert into pregunta (categoria,dificultad,estado,op1,op2,op3,op4,pregunta,respuesta) values (?,?,?,?,?,?,?,?,?) returning id_pregunta
Hibernate: select p1_0.id_pregunta,p1_0.categoria,p1_0.dificultad,p1_0.estado,p1_0.op1,p1_0.op2,p1_0.op3,p1_0.op4,p1_0.pregunta,p1_0.respuesta from pregunta p1_0 where p1_0.pregunta=?
Hibernate: insert into pregunta (categoria,dificultad,estado,op1,op2,op3,op4,pregunta,respuesta) values (?,?,?,?,?,?,?,?,?) returning id_pregunta
Hibernate: select p1_0.id_pregunta,p1_0.categoria,p1_0.dificultad,p1_0.estado,p1_0.op1,p1_0.op2,p1_0.op3,p1_0.op4,p1_0.pregunta,p1_0.respuesta from pregunta p1_0 where p1_0.pregunta=?
Hibernate: insert into pregunta (categoria,dificultad,estado,op1,op2,op3,op4,pregunta,respuesta) values (?,?,?,?,?,?,?,?,?) returning id_pregunta
Hibernate: select p1_0.id_pregunta,p1_0.categoria,p1_0.dificultad,p1_0.estado,p1_0.op1,p1_0.op2,p1_0.op3,p1_0.op4,p1_0.pregunta,p1_0.respuesta from pregunta p1_0 where p1_0.pregunta=?
Hibernate: insert into pregunta (categoria,dificultad,estado,op1,op2,op3,op4,pregunta,respuesta) values (?,?,?,?,?,?,?,?,?) returning id_pregunta
Hibernate: select p1_0.id_pregunta,p1_0.categoria,p1_0.dificultad,p1_0.estado,p1_0.op1,p1_0.op2,p1_0.op3,p1_0.op4,p1_0.pregunta,p1_0.respuesta from pregunta p1_0 where p1_0.pregunta=?
Hibernate: insert into pregunta (categoria,dificultad,estado,op1,op2,op3,op4,pregunta,respuesta) values (?,?,?,?,?,?,?,?,?) returning id_pregunta
Hibernate: select p1_0.id_pregunta,p1_0.categoria,p1_0.dificultad,p1_0.estado,p1_0.op1,p1_0.op2,p1_0.op3,p1_0.op4,p1_0.pregunta,p1_0.respuesta from pregunta p1_0 where p1_0.pregunta=?
Hibernate: insert into pregunta (categoria,dificultad,estado,op1,op2,op3,op4,pregunta,respuesta) values (?,?,?,?,?,?,?,?,?) returning id_pregunta
Hibernate: select p1_0.id_pregunta,p1_0.categoria,p1_0.dificultad,p1_0.estado,p1_0.op1,p1_0.op2,p1_0.op3,p1_0.op4,p1_0.pregunta,p1_0.respuesta from pregunta p1_0 where p1_0.pregunta=?
Hibernate: insert into pregunta (categoria,dificultad,estado,op1,op2,op3,op4,pregunta,respuesta) values (?,?,?,?,?,?,?,?,?) returning id_pregunta
2024-11-12T10:59:50.942-05:00  WARN 11832 --- [BackendproduccionApplication] [           main] JpaBaseConfiguration$JpaWebConfiguration : spring.jpa.open-in-view is enabled by default. Therefore, database queries may be performed during view rendering. Explicitly configure spring.jpa.open-in-view to disable this warning
2024-11-12T10:59:52.589-05:00  INFO 11832 --- [BackendproduccionApplication] [           main] c.e.b.BackendproduccionApplicationTests  : Started BackendproduccionApplicationTests in 85.225 seconds (process running for 87.939)
]]></system-out>
    <system-err><![CDATA[SLF4J(W): Class path contains multiple SLF4J providers.
SLF4J(W): Found provider [ch.qos.logback.classic.spi.LogbackServiceProvider@fa4c865]
SLF4J(W): Found provider [org.apache.logging.slf4j.SLF4JServiceProvider@3bd82cf5]
SLF4J(W): See https://www.slf4j.org/codes.html#multiple_bindings for an explanation.
SLF4J(I): Actual provider is of type [ch.qos.logback.classic.spi.LogbackServiceProvider@fa4c865]
WARNING: A Java agent has been loaded dynamically (C:\Users\r 3\.m2\repository\net\bytebuddy\byte-buddy-agent\1.14.19\byte-buddy-agent-1.14.19.jar)
WARNING: If a serviceability tool is in use, please run with -XX:+EnableDynamicAgentLoading to hide this warning
WARNING: If a serviceability tool is not in use, please run with -Djdk.instrument.traceUsage for more information
WARNING: Dynamic loading of agents will be disallowed by default in a future release
]]></system-err>
  </testcase>
</testsuite>